
连接到: Oracle Database 10g Enterprise Edition Release 10.2.0.1.0 - Production
With the Partitioning, OLAP and Data Mining options
已导出 ZHS16GBK 字符集和 AL16UTF16 NCHAR 字符集

即将导出指定的用户...
. 正在导出 pre-schema 过程对象和操作
. 正在导出用户 QB 的外部函数库名
. 导出 PUBLIC 类型同义词
. 正在导出专用类型同义词
. 正在导出用户 QB 的对象类型定义
即将导出 QB 的对象...
. 正在导出数据库链接
. 正在导出序号
. 正在导出簇定义
. 即将导出 QB 的表通过常规路径...
. . 正在导出表                   BASE_DIC_TYPE导出了           5 行
. . 正在导出表                  BASE_DIC_VALUE导出了          16 行
. . 正在导出表                       BASE_MENU导出了          19 行
. . 正在导出表                  BASE_ORGANIZES导出了          66 行
. . 正在导出表                      BASE_ROLES导出了           5 行
. . 正在导出表                 BASE_ROLES_MENU导出了          50 行
. . 正在导出表                BASE_ROLES_USERS导出了           3 行
. . 正在导出表                    BASE_SYS_LOG导出了      134726 行
. . 正在导出表                      BASE_USERS导出了           2 行
. . 正在导出表            BDYTAB20120605133905导出了      200000 行
. . 正在导出表            BDYTAB20120605152249导出了      200000 行
. . 正在导出表                  COMPARE_COLUMN导出了          58 行
. . 正在导出表                   COMPARE_TABLE导出了          12 行
. . 正在导出表                    COMPARE_TASK导出了          12 行
. . 正在导出表                   CONFIG_COLUMN导出了          50 行
. . 正在导出表               CONFIG_DATASOURCE导出了           5 行
. . 正在导出表                    CONFIG_TABLE导出了           0 行
. . 正在导出表                     CONFIG_TASK导出了           7 行
. . 正在导出表                    PAGE_INFO_IP导出了          16 行
. . 正在导出表                 STATISTICS_INFO导出了           5 行
. 正在导出同义词
. 正在导出视图
. 正在导出存储过程
. 正在导出运算符
. 正在导出引用完整性约束条件
. 正在导出触发器
. 正在导出索引类型
. 正在导出位图, 功能性索引和可扩展索引
. 正在导出后期表活动
. 正在导出实体化视图
. 正在导出快照日志
. 正在导出作业队列
. 正在导出刷新组和子组
. 正在导出维
. 正在导出 post-schema 过程对象和操作
. 正在导出统计信息
成功终止导出, 没有出现警告。
