2014-07-30 00:22:12,175 ERROR [ModalContext] - System.err - SLF4J: Failed to load class "org.slf4j.impl.StaticLoggerBinder".
2014-07-30 00:22:12,176 ERROR [ModalContext] - System.err - SLF4J: Defaulting to no-operation (NOP) logger implementation
2014-07-30 00:22:12,176 ERROR [ModalContext] - System.err - SLF4J: See http://www.slf4j.org/codes.html#StaticLoggerBinder for further details.
2014-07-30 00:26:04,262 ERROR [main] - System.err - scala.reflect.internal.FatalError: package scala does not have a member Int
2014-07-30 00:26:04,263 ERROR [main] - System.err - at scala.reflect.internal.Definitions$DefinitionsClass.scala$reflect$internal$Definitions$DefinitionsClass$$fatalMissingSymbol(Definitions.scala:1168)
2014-07-30 00:26:04,263 ERROR [main] - System.err - at scala.reflect.internal.Definitions$DefinitionsClass.getMember(Definitions.scala:1185)
2014-07-30 00:26:04,263 ERROR [main] - System.err - at scala.reflect.internal.Definitions$ValueClassDefinitions$class.valueClassSymbol(Definitions.scala:77)
2014-07-30 00:26:04,263 ERROR [main] - System.err - at scala.reflect.internal.Definitions$ValueClassDefinitions$class.IntClass(Definitions.scala:114)
2014-07-30 00:26:04,263 ERROR [main] - System.err - at scala.reflect.internal.Definitions$DefinitionsClass.IntClass$lzycompute(Definitions.scala:153)
2014-07-30 00:26:04,263 ERROR [main] - System.err - at scala.reflect.internal.Definitions$DefinitionsClass.IntClass(Definitions.scala:153)
2014-07-30 00:26:04,263 ERROR [main] - System.err - at scala.reflect.internal.Definitions$ValueClassDefinitions$class.IntTpe(Definitions.scala:127)
2014-07-30 00:26:04,263 ERROR [main] - System.err - at scala.reflect.internal.Definitions$DefinitionsClass.IntTpe$lzycompute(Definitions.scala:153)
2014-07-30 00:26:04,263 ERROR [main] - System.err - at scala.reflect.internal.Definitions$DefinitionsClass.IntTpe(Definitions.scala:153)
2014-07-30 00:26:04,263 ERROR [main] - System.err - at scala.tools.nsc.symtab.classfile.ClassfileParser.sig2type$1(ClassfileParser.scala:623)
2014-07-30 00:26:04,263 ERROR [main] - System.err - at scala.tools.nsc.symtab.classfile.ClassfileParser.sig2type$1(ClassfileParser.scala:721)
2014-07-30 00:26:04,263 ERROR [main] - System.err - at scala.tools.nsc.symtab.classfile.ClassfileParser.scala$tools$nsc$symtab$classfile$ClassfileParser$$sigToType(ClassfileParser.scala:767)
2014-07-30 00:26:04,263 ERROR [main] - System.err - at scala.tools.nsc.symtab.classfile.ClassfileParser$ConstantPool.getType(ClassfileParser.scala:284)
2014-07-30 00:26:04,263 ERROR [main] - System.err - at scala.tools.nsc.symtab.classfile.ClassfileParser.parseMethod(ClassfileParser.scala:561)
2014-07-30 00:26:04,263 ERROR [main] - System.err - at scala.tools.nsc.symtab.classfile.ClassfileParser.scala$tools$nsc$symtab$classfile$ClassfileParser$$queueLoad$1(ClassfileParser.scala:478)
2014-07-30 00:26:04,263 ERROR [main] - System.err - at scala.tools.nsc.symtab.classfile.ClassfileParser$$anonfun$parseClass$1.apply$mcV$sp(ClassfileParser.scala:488)
2014-07-30 00:26:04,263 ERROR [main] - System.err - at scala.tools.nsc.symtab.classfile.ClassfileParser.parseClass(ClassfileParser.scala:493)
2014-07-30 00:26:04,263 ERROR [main] - System.err - at scala.tools.nsc.symtab.classfile.ClassfileParser.parse(ClassfileParser.scala:134)
2014-07-30 00:26:04,263 ERROR [main] - System.err - at scala.tools.nsc.symtab.SymbolLoaders$ClassfileLoader.doComplete(SymbolLoaders.scala:293)
2014-07-30 00:26:04,264 ERROR [main] - System.err - at scala.tools.nsc.symtab.SymbolLoaders$SymbolLoader.complete(SymbolLoaders.scala:211)
2014-07-30 00:26:04,264 ERROR [main] - System.err - at scala.reflect.internal.Symbols$Symbol.info(Symbols.scala:1429)
2014-07-30 00:26:04,264 ERROR [main] - System.err - at scala.reflect.internal.Symbols$Symbol.initialize(Symbols.scala:1576)
2014-07-30 00:26:04,264 ERROR [main] - System.err - at scala.reflect.internal.Definitions$DefinitionsClass.init(Definitions.scala:1376)
2014-07-30 00:26:04,264 ERROR [main] - System.err - at scala.tools.nsc.Global$Run.<init>(Global.scala:1229)
2014-07-30 00:26:04,264 ERROR [main] - System.err - at scala.tools.nsc.interactive.Global$TyperRun.<init>(Global.scala:1199)
2014-07-30 00:26:04,264 ERROR [main] - System.err - at scala.tools.nsc.interactive.Global.newTyperRun(Global.scala:1222)
2014-07-30 00:26:04,264 ERROR [main] - System.err - at scala.tools.nsc.interactive.Global.<init>(Global.scala:288)
2014-07-30 00:26:04,264 ERROR [main] - System.err - at scala.tools.eclipse.ScalaPresentationCompiler.<init>(ScalaPresentationCompiler.scala:46)
2014-07-30 00:26:04,264 ERROR [main] - System.err - at scala.tools.eclipse.ScalaProject$$anon$1.create(ScalaProject.scala:100)
2014-07-30 00:26:04,264 ERROR [main] - System.err - at scala.tools.eclipse.ScalaProject$$anon$1.create(ScalaProject.scala:95)
2014-07-30 00:26:04,264 ERROR [main] - System.err - at scala.tools.eclipse.util.Cached$class.apply(Cached.scala:30)
2014-07-30 00:26:04,264 ERROR [main] - System.err - at scala.tools.eclipse.ScalaProject$$anon$1.apply(ScalaProject.scala:95)
2014-07-30 00:26:04,264 ERROR [main] - System.err - at scala.tools.eclipse.ScalaProject.withPresentationCompiler(ScalaProject.scala:581)
2014-07-30 00:26:04,264 ERROR [main] - System.err - at scala.tools.eclipse.ScalaProject.withSourceFile(ScalaProject.scala:590)
2014-07-30 00:26:04,264 ERROR [main] - System.err - at scala.tools.eclipse.InteractiveCompilationUnit$class.withSourceFile(InteractiveCompilationUnit.scala:66)
2014-07-30 00:26:04,264 ERROR [main] - System.err - at scala.tools.eclipse.javaelements.ScalaSourceFile.withSourceFile(ScalaSourceFile.scala:69)
2014-07-30 00:26:04,264 ERROR [main] - System.err - at scala.tools.eclipse.javaelements.ScalaCompilationUnit$class.buildStructure(ScalaCompilationUnit.scala:110)
2014-07-30 00:26:04,264 ERROR [main] - System.err - at scala.tools.eclipse.javaelements.ScalaSourceFile.buildStructure(ScalaSourceFile.scala:69)
2014-07-30 00:26:04,264 ERROR [main] - System.err - at org.eclipse.jdt.internal.core.Openable.generateInfos(Openable.java:258)
2014-07-30 00:26:04,264 ERROR [main] - System.err - at org.eclipse.jdt.internal.core.JavaElement.openWhenClosed(JavaElement.java:521)
2014-07-30 00:26:04,264 ERROR [main] - System.err - at org.eclipse.jdt.internal.core.BecomeWorkingCopyOperation.executeOperation(BecomeWorkingCopyOperation.java:38)
2014-07-30 00:26:04,264 ERROR [main] - System.err - at org.eclipse.jdt.internal.core.JavaModelOperation.run(JavaModelOperation.java:728)
2014-07-30 00:26:04,264 ERROR [main] - System.err - at org.eclipse.jdt.internal.core.JavaModelOperation.runOperation(JavaModelOperation.java:788)
2014-07-30 00:26:04,264 ERROR [main] - System.err - at org.eclipse.jdt.internal.core.CompilationUnit.becomeWorkingCopy(CompilationUnit.java:100)
2014-07-30 00:26:04,265 ERROR [main] - System.err - at org.eclipse.jdt.internal.ui.javaeditor.CompilationUnitDocumentProvider.createFileInfo(CompilationUnitDocumentProvider.java:1001)
2014-07-30 00:26:04,265 ERROR [main] - System.err - at org.eclipse.ui.editors.text.TextFileDocumentProvider.connect(TextFileDocumentProvider.java:478)
2014-07-30 00:26:04,265 ERROR [main] - System.err - at org.eclipse.jdt.internal.ui.javaeditor.CompilationUnitDocumentProvider.connect(CompilationUnitDocumentProvider.java:1244)
2014-07-30 00:26:04,265 ERROR [main] - System.err - at org.eclipse.ui.texteditor.AbstractTextEditor.doSetInput(AbstractTextEditor.java:4230)
2014-07-30 00:26:04,265 ERROR [main] - System.err - at org.eclipse.ui.texteditor.StatusTextEditor.doSetInput(StatusTextEditor.java:237)
2014-07-30 00:26:04,265 ERROR [main] - System.err - at org.eclipse.ui.texteditor.AbstractDecoratedTextEditor.doSetInput(AbstractDecoratedTextEditor.java:1480)
2014-07-30 00:26:04,265 ERROR [main] - System.err - at org.eclipse.jdt.internal.ui.javaeditor.JavaEditor.internalDoSetInput(JavaEditor.java:2584)
2014-07-30 00:26:04,265 ERROR [main] - System.err - at org.eclipse.jdt.internal.ui.javaeditor.JavaEditor.doSetInput(JavaEditor.java:2557)
2014-07-30 00:26:04,265 ERROR [main] - System.err - at org.eclipse.jdt.internal.ui.javaeditor.CompilationUnitEditor.doSetInput(CompilationUnitEditor.java:1395)
2014-07-30 00:26:04,265 ERROR [main] - System.err - at org.eclipse.ui.texteditor.AbstractTextEditor$19.run(AbstractTextEditor.java:3217)
2014-07-30 00:26:04,265 ERROR [main] - System.err - at org.eclipse.jface.operation.ModalContext.runInCurrentThread(ModalContext.java:464)
2014-07-30 00:26:04,265 ERROR [main] - System.err - at org.eclipse.jface.operation.ModalContext.run(ModalContext.java:372)
2014-07-30 00:26:04,265 ERROR [main] - System.err - at org.eclipse.ui.internal.WorkbenchWindow$13.run(WorkbenchWindow.java:1829)
2014-07-30 00:26:04,265 ERROR [main] - System.err - at org.eclipse.swt.custom.BusyIndicator.showWhile(BusyIndicator.java:70)
2014-07-30 00:26:04,265 ERROR [main] - System.err - at org.eclipse.ui.internal.WorkbenchWindow.run(WorkbenchWindow.java:1826)
2014-07-30 00:26:04,265 ERROR [main] - System.err - at org.eclipse.ui.texteditor.AbstractTextEditor.internalInit(AbstractTextEditor.java:3235)
2014-07-30 00:26:04,265 ERROR [main] - System.err - at org.eclipse.ui.texteditor.AbstractTextEditor.init(AbstractTextEditor.java:3262)
2014-07-30 00:26:04,265 ERROR [main] - System.err - at org.eclipse.ui.internal.EditorReference.initialize(EditorReference.java:359)
2014-07-30 00:26:04,265 ERROR [main] - System.err - at org.eclipse.ui.internal.e4.compatibility.CompatibilityPart.create(CompatibilityPart.java:306)
2014-07-30 00:26:04,265 ERROR [main] - System.err - at sun.reflect.NativeMethodAccessorImpl.invoke0(Native Method)
2014-07-30 00:26:04,265 ERROR [main] - System.err - at sun.reflect.NativeMethodAccessorImpl.invoke(NativeMethodAccessorImpl.java:57)
2014-07-30 00:26:04,265 ERROR [main] - System.err - at sun.reflect.DelegatingMethodAccessorImpl.invoke(DelegatingMethodAccessorImpl.java:43)
2014-07-30 00:26:04,265 ERROR [main] - System.err - at java.lang.reflect.Method.invoke(Method.java:606)
2014-07-30 00:26:04,266 ERROR [main] - System.err - at org.eclipse.e4.core.internal.di.MethodRequestor.execute(MethodRequestor.java:56)
2014-07-30 00:26:04,266 ERROR [main] - System.err - at org.eclipse.e4.core.internal.di.InjectorImpl.processAnnotated(InjectorImpl.java:877)
2014-07-30 00:26:04,266 ERROR [main] - System.err - at org.eclipse.e4.core.internal.di.InjectorImpl.processAnnotated(InjectorImpl.java:857)
2014-07-30 00:26:04,266 ERROR [main] - System.err - at org.eclipse.e4.core.internal.di.InjectorImpl.inject(InjectorImpl.java:119)
2014-07-30 00:26:04,266 ERROR [main] - System.err - at org.eclipse.e4.core.internal.di.InjectorImpl.internalMake(InjectorImpl.java:333)
2014-07-30 00:26:04,266 ERROR [main] - System.err - at org.eclipse.e4.core.internal.di.InjectorImpl.make(InjectorImpl.java:254)
2014-07-30 00:26:04,266 ERROR [main] - System.err - at org.eclipse.e4.core.contexts.ContextInjectionFactory.make(ContextInjectionFactory.java:162)
2014-07-30 00:26:04,266 ERROR [main] - System.err - at org.eclipse.e4.ui.internal.workbench.ReflectionContributionFactory.createFromBundle(ReflectionContributionFactory.java:102)
2014-07-30 00:26:04,266 ERROR [main] - System.err - at org.eclipse.e4.ui.internal.workbench.ReflectionContributionFactory.doCreate(ReflectionContributionFactory.java:71)
2014-07-30 00:26:04,266 ERROR [main] - System.err - at org.eclipse.e4.ui.internal.workbench.ReflectionContributionFactory.create(ReflectionContributionFactory.java:53)
2014-07-30 00:26:04,266 ERROR [main] - System.err - at org.eclipse.e4.ui.workbench.renderers.swt.ContributedPartRenderer.createWidget(ContributedPartRenderer.java:129)
2014-07-30 00:26:04,266 ERROR [main] - System.err - at org.eclipse.e4.ui.internal.workbench.swt.PartRenderingEngine.createWidget(PartRenderingEngine.java:949)
2014-07-30 00:26:04,266 ERROR [main] - System.err - at org.eclipse.e4.ui.internal.workbench.swt.PartRenderingEngine.safeCreateGui(PartRenderingEngine.java:633)
2014-07-30 00:26:04,266 ERROR [main] - System.err - at org.eclipse.e4.ui.internal.workbench.swt.PartRenderingEngine.safeCreateGui(PartRenderingEngine.java:735)
2014-07-30 00:26:04,266 ERROR [main] - System.err - at org.eclipse.e4.ui.internal.workbench.swt.PartRenderingEngine.access$2(PartRenderingEngine.java:706)
2014-07-30 00:26:04,266 ERROR [main] - System.err - at org.eclipse.e4.ui.internal.workbench.swt.PartRenderingEngine$7.run(PartRenderingEngine.java:700)
2014-07-30 00:26:04,266 ERROR [main] - System.err - at org.eclipse.core.runtime.SafeRunner.run(SafeRunner.java:42)
2014-07-30 00:26:04,266 ERROR [main] - System.err - at org.eclipse.e4.ui.internal.workbench.swt.PartRenderingEngine.createGui(PartRenderingEngine.java:685)
2014-07-30 00:26:04,266 ERROR [main] - System.err - at org.eclipse.e4.ui.workbench.renderers.swt.StackRenderer.showTab(StackRenderer.java:1147)
2014-07-30 00:26:04,266 ERROR [main] - System.err - at org.eclipse.e4.ui.workbench.renderers.swt.LazyStackRenderer$1.handleEvent(LazyStackRenderer.java:65)
2014-07-30 00:26:04,266 ERROR [main] - System.err - at org.eclipse.e4.ui.services.internal.events.UIEventHandler$1.run(UIEventHandler.java:41)
2014-07-30 00:26:04,266 ERROR [main] - System.err - at org.eclipse.swt.widgets.Synchronizer.syncExec(Synchronizer.java:180)
2014-07-30 00:26:04,266 ERROR [main] - System.err - at org.eclipse.ui.internal.UISynchronizer.syncExec(UISynchronizer.java:150)
2014-07-30 00:26:04,267 ERROR [main] - System.err - at org.eclipse.swt.widgets.Display.syncExec(Display.java:4491)
2014-07-30 00:26:04,267 ERROR [main] - System.err - at org.eclipse.e4.ui.internal.workbench.swt.E4Application$1.syncExec(E4Application.java:205)
2014-07-30 00:26:04,267 ERROR [main] - System.err - at org.eclipse.e4.ui.services.internal.events.UIEventHandler.handleEvent(UIEventHandler.java:38)
2014-07-30 00:26:04,267 ERROR [main] - System.err - at org.eclipse.equinox.internal.event.EventHandlerWrapper.handleEvent(EventHandlerWrapper.java:197)
2014-07-30 00:26:04,267 ERROR [main] - System.err - at org.eclipse.equinox.internal.event.EventHandlerTracker.dispatchEvent(EventHandlerTracker.java:197)
2014-07-30 00:26:04,267 ERROR [main] - System.err - at org.eclipse.equinox.internal.event.EventHandlerTracker.dispatchEvent(EventHandlerTracker.java:1)
2014-07-30 00:26:04,267 ERROR [main] - System.err - at org.eclipse.osgi.framework.eventmgr.EventManager.dispatchEvent(EventManager.java:230)
2014-07-30 00:26:04,267 ERROR [main] - System.err - at org.eclipse.osgi.framework.eventmgr.ListenerQueue.dispatchEventSynchronous(ListenerQueue.java:148)
2014-07-30 00:26:04,267 ERROR [main] - System.err - at org.eclipse.equinox.internal.event.EventAdminImpl.dispatchEvent(EventAdminImpl.java:135)
2014-07-30 00:26:04,267 ERROR [main] - System.err - at org.eclipse.equinox.internal.event.EventAdminImpl.sendEvent(EventAdminImpl.java:78)
2014-07-30 00:26:04,267 ERROR [main] - System.err - at org.eclipse.equinox.internal.event.EventComponent.sendEvent(EventComponent.java:39)
2014-07-30 00:26:04,267 ERROR [main] - System.err - at org.eclipse.e4.ui.services.internal.events.EventBroker.send(EventBroker.java:80)
2014-07-30 00:26:04,267 ERROR [main] - System.err - at org.eclipse.e4.ui.internal.workbench.UIEventPublisher.notifyChanged(UIEventPublisher.java:58)
2014-07-30 00:26:04,267 ERROR [main] - System.err - at org.eclipse.emf.common.notify.impl.BasicNotifierImpl.eNotify(BasicNotifierImpl.java:374)
2014-07-30 00:26:04,267 ERROR [main] - System.err - at org.eclipse.e4.ui.model.application.ui.impl.ElementContainerImpl.setSelectedElement(ElementContainerImpl.java:171)
2014-07-30 00:26:04,267 ERROR [main] - System.err - at org.eclipse.e4.ui.internal.workbench.ModelServiceImpl.showElementInWindow(ModelServiceImpl.java:576)
2014-07-30 00:26:04,267 ERROR [main] - System.err - at org.eclipse.e4.ui.internal.workbench.ModelServiceImpl.bringToTop(ModelServiceImpl.java:543)
2014-07-30 00:26:04,267 ERROR [main] - System.err - at org.eclipse.e4.ui.internal.workbench.PartServiceImpl.delegateBringToTop(PartServiceImpl.java:619)
2014-07-30 00:26:04,267 ERROR [main] - System.err - at org.eclipse.e4.ui.internal.workbench.PartServiceImpl.bringToTop(PartServiceImpl.java:331)
2014-07-30 00:26:04,267 ERROR [main] - System.err - at org.eclipse.e4.ui.internal.workbench.PartServiceImpl.showPart(PartServiceImpl.java:1046)
2014-07-30 00:26:04,267 ERROR [main] - System.err - at org.eclipse.ui.internal.WorkbenchPage.busyOpenEditor(WorkbenchPage.java:3112)
2014-07-30 00:26:04,267 ERROR [main] - System.err - at org.eclipse.ui.internal.WorkbenchPage.access$21(WorkbenchPage.java:3034)
2014-07-30 00:26:04,267 ERROR [main] - System.err - at org.eclipse.ui.internal.WorkbenchPage$8.run(WorkbenchPage.java:3016)
2014-07-30 00:26:04,267 ERROR [main] - System.err - at org.eclipse.swt.custom.BusyIndicator.showWhile(BusyIndicator.java:70)
2014-07-30 00:26:04,268 ERROR [main] - System.err - at org.eclipse.ui.internal.WorkbenchPage.openEditor(WorkbenchPage.java:3012)
2014-07-30 00:26:04,268 ERROR [main] - System.err - at org.eclipse.ui.internal.WorkbenchPage.openEditor(WorkbenchPage.java:2976)
2014-07-30 00:26:04,268 ERROR [main] - System.err - at org.eclipse.ui.internal.WorkbenchPage.openEditor(WorkbenchPage.java:2967)
2014-07-30 00:26:04,268 ERROR [main] - System.err - at org.eclipse.ui.ide.IDE.openEditor(IDE.java:534)
2014-07-30 00:26:04,268 ERROR [main] - System.err - at org.eclipse.ui.ide.IDE.openEditor(IDE.java:493)
2014-07-30 00:26:04,268 ERROR [main] - System.err - at org.eclipse.jdt.internal.ui.javaeditor.EditorUtility.openInEditor(EditorUtility.java:360)
2014-07-30 00:26:04,268 ERROR [main] - System.err - at org.eclipse.jdt.internal.ui.javaeditor.EditorUtility.openInEditor(EditorUtility.java:167)
2014-07-30 00:26:04,268 ERROR [main] - System.err - at org.eclipse.jdt.ui.actions.OpenAction.run(OpenAction.java:268)
2014-07-30 00:26:04,268 ERROR [main] - System.err - at org.eclipse.jdt.ui.actions.OpenAction.run(OpenAction.java:233)
2014-07-30 00:26:04,268 ERROR [main] - System.err - at org.eclipse.jdt.ui.actions.SelectionDispatchAction.dispatchRun(SelectionDispatchAction.java:275)
2014-07-30 00:26:04,268 ERROR [main] - System.err - at org.eclipse.jdt.ui.actions.SelectionDispatchAction.run(SelectionDispatchAction.java:251)
2014-07-30 00:26:04,268 ERROR [main] - System.err - at org.eclipse.jdt.internal.ui.packageview.PackageExplorerActionGroup.handleOpen(PackageExplorerActionGroup.java:376)
2014-07-30 00:26:04,268 ERROR [main] - System.err - at org.eclipse.jdt.internal.ui.packageview.PackageExplorerPart$4.open(PackageExplorerPart.java:538)
2014-07-30 00:26:04,268 ERROR [main] - System.err - at org.eclipse.ui.OpenAndLinkWithEditorHelper$InternalListener.open(OpenAndLinkWithEditorHelper.java:47)
2014-07-30 00:26:04,268 ERROR [main] - System.err - at org.eclipse.jface.viewers.StructuredViewer$2.run(StructuredViewer.java:866)
2014-07-30 00:26:04,268 ERROR [main] - System.err - at org.eclipse.core.runtime.SafeRunner.run(SafeRunner.java:42)
2014-07-30 00:26:04,268 ERROR [main] - System.err - at org.eclipse.ui.internal.JFaceUtil$1.run(JFaceUtil.java:49)
2014-07-30 00:26:04,268 ERROR [main] - System.err - at org.eclipse.jface.util.SafeRunnable.run(SafeRunnable.java:175)
2014-07-30 00:26:04,268 ERROR [main] - System.err - at org.eclipse.jface.viewers.StructuredViewer.fireOpen(StructuredViewer.java:864)
2014-07-30 00:26:04,268 ERROR [main] - System.err - at org.eclipse.jface.viewers.StructuredViewer.handleOpen(StructuredViewer.java:1152)
2014-07-30 00:26:04,268 ERROR [main] - System.err - at org.eclipse.jface.viewers.StructuredViewer$6.handleOpen(StructuredViewer.java:1256)
2014-07-30 00:26:04,268 ERROR [main] - System.err - at org.eclipse.jface.util.OpenStrategy.fireOpenEvent(OpenStrategy.java:275)
2014-07-30 00:26:04,268 ERROR [main] - System.err - at org.eclipse.jface.util.OpenStrategy.access$2(OpenStrategy.java:269)
2014-07-30 00:26:04,269 ERROR [main] - System.err - at org.eclipse.jface.util.OpenStrategy$1.handleEvent(OpenStrategy.java:309)
2014-07-30 00:26:04,269 ERROR [main] - System.err - at org.eclipse.swt.widgets.EventTable.sendEvent(EventTable.java:84)
2014-07-30 00:26:04,269 ERROR [main] - System.err - at org.eclipse.swt.widgets.Widget.sendEvent(Widget.java:1392)
2014-07-30 00:26:04,269 ERROR [main] - System.err - at org.eclipse.swt.widgets.Display.runDeferredEvents(Display.java:3742)
2014-07-30 00:26:04,269 ERROR [main] - System.err - at org.eclipse.swt.widgets.Display.readAndDispatch(Display.java:3363)
2014-07-30 00:26:04,269 ERROR [main] - System.err - at org.eclipse.e4.ui.internal.workbench.swt.PartRenderingEngine$9.run(PartRenderingEngine.java:1113)
2014-07-30 00:26:04,269 ERROR [main] - System.err - at org.eclipse.core.databinding.observable.Realm.runWithDefault(Realm.java:332)
2014-07-30 00:26:04,269 ERROR [main] - System.err - at org.eclipse.e4.ui.internal.workbench.swt.PartRenderingEngine.run(PartRenderingEngine.java:997)
2014-07-30 00:26:04,269 ERROR [main] - System.err - at org.eclipse.e4.ui.internal.workbench.E4Workbench.createAndRunUI(E4Workbench.java:140)
2014-07-30 00:26:04,269 ERROR [main] - System.err - at org.eclipse.ui.internal.Workbench$5.run(Workbench.java:611)
2014-07-30 00:26:04,269 ERROR [main] - System.err - at org.eclipse.core.databinding.observable.Realm.runWithDefault(Realm.java:332)
2014-07-30 00:26:04,269 ERROR [main] - System.err - at org.eclipse.ui.internal.Workbench.createAndRunWorkbench(Workbench.java:567)
2014-07-30 00:26:04,269 ERROR [main] - System.err - at org.eclipse.ui.PlatformUI.createAndRunWorkbench(PlatformUI.java:150)
2014-07-30 00:26:04,269 ERROR [main] - System.err - at org.eclipse.ui.internal.ide.application.IDEApplication.start(IDEApplication.java:124)
2014-07-30 00:26:04,269 ERROR [main] - System.err - at org.eclipse.equinox.internal.app.EclipseAppHandle.run(EclipseAppHandle.java:196)
2014-07-30 00:26:04,269 ERROR [main] - System.err - at org.eclipse.core.runtime.internal.adaptor.EclipseAppLauncher.runApplication(EclipseAppLauncher.java:110)
2014-07-30 00:26:04,269 ERROR [main] - System.err - at org.eclipse.core.runtime.internal.adaptor.EclipseAppLauncher.start(EclipseAppLauncher.java:79)
2014-07-30 00:26:04,269 ERROR [main] - System.err - at org.eclipse.core.runtime.adaptor.EclipseStarter.run(EclipseStarter.java:354)
2014-07-30 00:26:04,269 ERROR [main] - System.err - at org.eclipse.core.runtime.adaptor.EclipseStarter.run(EclipseStarter.java:181)
2014-07-30 00:26:04,269 ERROR [main] - System.err - at sun.reflect.NativeMethodAccessorImpl.invoke0(Native Method)
2014-07-30 00:26:04,269 ERROR [main] - System.err - at sun.reflect.NativeMethodAccessorImpl.invoke(NativeMethodAccessorImpl.java:57)
2014-07-30 00:26:04,269 ERROR [main] - System.err - at sun.reflect.DelegatingMethodAccessorImpl.invoke(DelegatingMethodAccessorImpl.java:43)
2014-07-30 00:26:04,270 ERROR [main] - System.err - at java.lang.reflect.Method.invoke(Method.java:606)
2014-07-30 00:26:04,270 ERROR [main] - System.err - at org.eclipse.equinox.launcher.Main.invokeFramework(Main.java:636)
2014-07-30 00:26:04,270 ERROR [main] - System.err - at org.eclipse.equinox.launcher.Main.basicRun(Main.java:591)
2014-07-30 00:26:04,270 ERROR [main] - System.err - at org.eclipse.equinox.launcher.Main.run(Main.java:1450)
2014-07-30 00:26:06,672 ERROR [main] - org.scala-ide.sdt.core - org.scala-ide.sdt.core - org.scala-ide.sdt.core - 0 - scala.reflect.internal.FatalError: package scala does not have a member Int
2014-07-30 00:27:14,734 ERROR [Worker-7] - System.err - SLF4J: Failed to load class "org.slf4j.impl.StaticLoggerBinder".
2014-07-30 00:27:14,735 ERROR [Worker-7] - System.err - SLF4J: Defaulting to no-operation (NOP) logger implementation
2014-07-30 00:27:14,735 ERROR [Worker-7] - System.err - SLF4J: See http://www.slf4j.org/codes.html#StaticLoggerBinder for further details.
2014-07-30 00:27:40,726  WARN [org.eclipse.jdt.internal.ui.text.JavaReconciler] - ImplicitHighlightingPresenter - Timeout while waiting for `askLoadedTyped` during implicit highlighting.
2014-07-30 00:35:44,286 ERROR [main] - System.err - scala.reflect.internal.FatalError: package scala does not have a member Int
2014-07-30 00:35:44,287 ERROR [main] - System.err - at scala.reflect.internal.Definitions$DefinitionsClass.scala$reflect$internal$Definitions$DefinitionsClass$$fatalMissingSymbol(Definitions.scala:1168)
2014-07-30 00:35:44,287 ERROR [main] - System.err - at scala.reflect.internal.Definitions$DefinitionsClass.getMember(Definitions.scala:1185)
2014-07-30 00:35:44,287 ERROR [main] - System.err - at scala.reflect.internal.Definitions$ValueClassDefinitions$class.valueClassSymbol(Definitions.scala:77)
2014-07-30 00:35:44,287 ERROR [main] - System.err - at scala.reflect.internal.Definitions$ValueClassDefinitions$class.IntClass(Definitions.scala:114)
2014-07-30 00:35:44,287 ERROR [main] - System.err - at scala.reflect.internal.Definitions$DefinitionsClass.IntClass$lzycompute(Definitions.scala:153)
2014-07-30 00:35:44,287 ERROR [main] - System.err - at scala.reflect.internal.Definitions$DefinitionsClass.IntClass(Definitions.scala:153)
2014-07-30 00:35:44,287 ERROR [main] - System.err - at scala.reflect.internal.Definitions$ValueClassDefinitions$class.IntTpe(Definitions.scala:127)
2014-07-30 00:35:44,287 ERROR [main] - System.err - at scala.reflect.internal.Definitions$DefinitionsClass.IntTpe$lzycompute(Definitions.scala:153)
2014-07-30 00:35:44,287 ERROR [main] - System.err - at scala.reflect.internal.Definitions$DefinitionsClass.IntTpe(Definitions.scala:153)
2014-07-30 00:35:44,287 ERROR [main] - System.err - at scala.tools.nsc.symtab.classfile.ClassfileParser.sig2type$1(ClassfileParser.scala:623)
2014-07-30 00:35:44,287 ERROR [main] - System.err - at scala.tools.nsc.symtab.classfile.ClassfileParser.sig2type$1(ClassfileParser.scala:721)
2014-07-30 00:35:44,287 ERROR [main] - System.err - at scala.tools.nsc.symtab.classfile.ClassfileParser.scala$tools$nsc$symtab$classfile$ClassfileParser$$sigToType(ClassfileParser.scala:767)
2014-07-30 00:35:44,287 ERROR [main] - System.err - at scala.tools.nsc.symtab.classfile.ClassfileParser$ConstantPool.getType(ClassfileParser.scala:284)
2014-07-30 00:35:44,287 ERROR [main] - System.err - at scala.tools.nsc.symtab.classfile.ClassfileParser.parseMethod(ClassfileParser.scala:561)
2014-07-30 00:35:44,287 ERROR [main] - System.err - at scala.tools.nsc.symtab.classfile.ClassfileParser.scala$tools$nsc$symtab$classfile$ClassfileParser$$queueLoad$1(ClassfileParser.scala:478)
2014-07-30 00:35:44,287 ERROR [main] - System.err - at scala.tools.nsc.symtab.classfile.ClassfileParser$$anonfun$parseClass$1.apply$mcV$sp(ClassfileParser.scala:488)
2014-07-30 00:35:44,287 ERROR [main] - System.err - at scala.tools.nsc.symtab.classfile.ClassfileParser.parseClass(ClassfileParser.scala:493)
2014-07-30 00:35:44,287 ERROR [main] - System.err - at scala.tools.nsc.symtab.classfile.ClassfileParser.parse(ClassfileParser.scala:134)
2014-07-30 00:35:44,287 ERROR [main] - System.err - at scala.tools.nsc.symtab.SymbolLoaders$ClassfileLoader.doComplete(SymbolLoaders.scala:293)
2014-07-30 00:35:44,287 ERROR [main] - System.err - at scala.tools.nsc.symtab.SymbolLoaders$SymbolLoader.complete(SymbolLoaders.scala:211)
2014-07-30 00:35:44,288 ERROR [main] - System.err - at scala.reflect.internal.Symbols$Symbol.info(Symbols.scala:1429)
2014-07-30 00:35:44,288 ERROR [main] - System.err - at scala.reflect.internal.Symbols$Symbol.initialize(Symbols.scala:1576)
2014-07-30 00:35:44,288 ERROR [main] - System.err - at scala.reflect.internal.Definitions$DefinitionsClass.init(Definitions.scala:1376)
2014-07-30 00:35:44,288 ERROR [main] - System.err - at scala.tools.nsc.Global$Run.<init>(Global.scala:1229)
2014-07-30 00:35:44,288 ERROR [main] - System.err - at scala.tools.nsc.interactive.Global$TyperRun.<init>(Global.scala:1199)
2014-07-30 00:35:44,288 ERROR [main] - System.err - at scala.tools.nsc.interactive.Global.newTyperRun(Global.scala:1222)
2014-07-30 00:35:44,288 ERROR [main] - System.err - at scala.tools.nsc.interactive.Global.<init>(Global.scala:288)
2014-07-30 00:35:44,288 ERROR [main] - System.err - at scala.tools.eclipse.ScalaPresentationCompiler.<init>(ScalaPresentationCompiler.scala:46)
2014-07-30 00:35:44,288 ERROR [main] - System.err - at scala.tools.eclipse.ScalaProject$$anon$1.create(ScalaProject.scala:100)
2014-07-30 00:35:44,288 ERROR [main] - System.err - at scala.tools.eclipse.ScalaProject$$anon$1.create(ScalaProject.scala:95)
2014-07-30 00:35:44,288 ERROR [main] - System.err - at scala.tools.eclipse.util.Cached$class.apply(Cached.scala:30)
2014-07-30 00:35:44,288 ERROR [main] - System.err - at scala.tools.eclipse.ScalaProject$$anon$1.apply(ScalaProject.scala:95)
2014-07-30 00:35:44,288 ERROR [main] - System.err - at scala.tools.eclipse.ScalaProject.withPresentationCompiler(ScalaProject.scala:581)
2014-07-30 00:35:44,288 ERROR [main] - System.err - at scala.tools.eclipse.ScalaProject.withSourceFile(ScalaProject.scala:590)
2014-07-30 00:35:44,288 ERROR [main] - System.err - at scala.tools.eclipse.InteractiveCompilationUnit$class.withSourceFile(InteractiveCompilationUnit.scala:66)
2014-07-30 00:35:44,288 ERROR [main] - System.err - at scala.tools.eclipse.javaelements.ScalaSourceFile.withSourceFile(ScalaSourceFile.scala:69)
2014-07-30 00:35:44,288 ERROR [main] - System.err - at scala.tools.eclipse.javaelements.ScalaCompilationUnit$class.buildStructure(ScalaCompilationUnit.scala:110)
2014-07-30 00:35:44,288 ERROR [main] - System.err - at scala.tools.eclipse.javaelements.ScalaSourceFile.buildStructure(ScalaSourceFile.scala:69)
2014-07-30 00:35:44,288 ERROR [main] - System.err - at org.eclipse.jdt.internal.core.Openable.generateInfos(Openable.java:258)
2014-07-30 00:35:44,288 ERROR [main] - System.err - at org.eclipse.jdt.internal.core.JavaElement.openWhenClosed(JavaElement.java:521)
2014-07-30 00:35:44,288 ERROR [main] - System.err - at org.eclipse.jdt.internal.core.BecomeWorkingCopyOperation.executeOperation(BecomeWorkingCopyOperation.java:38)
2014-07-30 00:35:44,288 ERROR [main] - System.err - at org.eclipse.jdt.internal.core.JavaModelOperation.run(JavaModelOperation.java:728)
2014-07-30 00:35:44,288 ERROR [main] - System.err - at org.eclipse.jdt.internal.core.JavaModelOperation.runOperation(JavaModelOperation.java:788)
2014-07-30 00:35:44,288 ERROR [main] - System.err - at org.eclipse.jdt.internal.core.CompilationUnit.becomeWorkingCopy(CompilationUnit.java:100)
2014-07-30 00:35:44,288 ERROR [main] - System.err - at org.eclipse.jdt.internal.ui.javaeditor.CompilationUnitDocumentProvider.createFileInfo(CompilationUnitDocumentProvider.java:1001)
2014-07-30 00:35:44,288 ERROR [main] - System.err - at org.eclipse.ui.editors.text.TextFileDocumentProvider.connect(TextFileDocumentProvider.java:478)
2014-07-30 00:35:44,289 ERROR [main] - System.err - at org.eclipse.jdt.internal.ui.javaeditor.CompilationUnitDocumentProvider.connect(CompilationUnitDocumentProvider.java:1244)
2014-07-30 00:35:44,289 ERROR [main] - System.err - at org.eclipse.ui.texteditor.AbstractTextEditor.doSetInput(AbstractTextEditor.java:4230)
2014-07-30 00:35:44,289 ERROR [main] - System.err - at org.eclipse.ui.texteditor.StatusTextEditor.doSetInput(StatusTextEditor.java:237)
2014-07-30 00:35:44,289 ERROR [main] - System.err - at org.eclipse.ui.texteditor.AbstractDecoratedTextEditor.doSetInput(AbstractDecoratedTextEditor.java:1480)
2014-07-30 00:35:44,289 ERROR [main] - System.err - at org.eclipse.jdt.internal.ui.javaeditor.JavaEditor.internalDoSetInput(JavaEditor.java:2584)
2014-07-30 00:35:44,289 ERROR [main] - System.err - at org.eclipse.jdt.internal.ui.javaeditor.JavaEditor.doSetInput(JavaEditor.java:2557)
2014-07-30 00:35:44,289 ERROR [main] - System.err - at org.eclipse.jdt.internal.ui.javaeditor.CompilationUnitEditor.doSetInput(CompilationUnitEditor.java:1395)
2014-07-30 00:35:44,289 ERROR [main] - System.err - at org.eclipse.ui.texteditor.AbstractTextEditor$19.run(AbstractTextEditor.java:3217)
2014-07-30 00:35:44,290 ERROR [main] - System.err - at org.eclipse.jface.operation.ModalContext.runInCurrentThread(ModalContext.java:464)
2014-07-30 00:35:44,290 ERROR [main] - System.err - at org.eclipse.jface.operation.ModalContext.run(ModalContext.java:372)
2014-07-30 00:35:44,290 ERROR [main] - System.err - at org.eclipse.ui.internal.WorkbenchWindow$13.run(WorkbenchWindow.java:1829)
2014-07-30 00:35:44,290 ERROR [main] - System.err - at org.eclipse.swt.custom.BusyIndicator.showWhile(BusyIndicator.java:70)
2014-07-30 00:35:44,290 ERROR [main] - System.err - at org.eclipse.ui.internal.WorkbenchWindow.run(WorkbenchWindow.java:1826)
2014-07-30 00:35:44,290 ERROR [main] - System.err - at org.eclipse.ui.texteditor.AbstractTextEditor.internalInit(AbstractTextEditor.java:3235)
2014-07-30 00:35:44,290 ERROR [main] - System.err - at org.eclipse.ui.texteditor.AbstractTextEditor.init(AbstractTextEditor.java:3262)
2014-07-30 00:35:44,290 ERROR [main] - System.err - at org.eclipse.ui.internal.EditorReference.initialize(EditorReference.java:359)
2014-07-30 00:35:44,290 ERROR [main] - System.err - at org.eclipse.ui.internal.e4.compatibility.CompatibilityPart.create(CompatibilityPart.java:306)
2014-07-30 00:35:44,290 ERROR [main] - System.err - at sun.reflect.NativeMethodAccessorImpl.invoke0(Native Method)
2014-07-30 00:35:44,290 ERROR [main] - System.err - at sun.reflect.NativeMethodAccessorImpl.invoke(NativeMethodAccessorImpl.java:57)
2014-07-30 00:35:44,290 ERROR [main] - System.err - at sun.reflect.DelegatingMethodAccessorImpl.invoke(DelegatingMethodAccessorImpl.java:43)
2014-07-30 00:35:44,290 ERROR [main] - System.err - at java.lang.reflect.Method.invoke(Method.java:606)
2014-07-30 00:35:44,290 ERROR [main] - System.err - at org.eclipse.e4.core.internal.di.MethodRequestor.execute(MethodRequestor.java:56)
2014-07-30 00:35:44,290 ERROR [main] - System.err - at org.eclipse.e4.core.internal.di.InjectorImpl.processAnnotated(InjectorImpl.java:877)
2014-07-30 00:35:44,290 ERROR [main] - System.err - at org.eclipse.e4.core.internal.di.InjectorImpl.processAnnotated(InjectorImpl.java:857)
2014-07-30 00:35:44,290 ERROR [main] - System.err - at org.eclipse.e4.core.internal.di.InjectorImpl.inject(InjectorImpl.java:119)
2014-07-30 00:35:44,290 ERROR [main] - System.err - at org.eclipse.e4.core.internal.di.InjectorImpl.internalMake(InjectorImpl.java:333)
2014-07-30 00:35:44,290 ERROR [main] - System.err - at org.eclipse.e4.core.internal.di.InjectorImpl.make(InjectorImpl.java:254)
2014-07-30 00:35:44,290 ERROR [main] - System.err - at org.eclipse.e4.core.contexts.ContextInjectionFactory.make(ContextInjectionFactory.java:162)
2014-07-30 00:35:44,290 ERROR [main] - System.err - at org.eclipse.e4.ui.internal.workbench.ReflectionContributionFactory.createFromBundle(ReflectionContributionFactory.java:102)
2014-07-30 00:35:44,290 ERROR [main] - System.err - at org.eclipse.e4.ui.internal.workbench.ReflectionContributionFactory.doCreate(ReflectionContributionFactory.java:71)
2014-07-30 00:35:44,290 ERROR [main] - System.err - at org.eclipse.e4.ui.internal.workbench.ReflectionContributionFactory.create(ReflectionContributionFactory.java:53)
2014-07-30 00:35:44,290 ERROR [main] - System.err - at org.eclipse.e4.ui.workbench.renderers.swt.ContributedPartRenderer.createWidget(ContributedPartRenderer.java:129)
2014-07-30 00:35:44,290 ERROR [main] - System.err - at org.eclipse.e4.ui.internal.workbench.swt.PartRenderingEngine.createWidget(PartRenderingEngine.java:949)
2014-07-30 00:35:44,290 ERROR [main] - System.err - at org.eclipse.e4.ui.internal.workbench.swt.PartRenderingEngine.safeCreateGui(PartRenderingEngine.java:633)
2014-07-30 00:35:44,290 ERROR [main] - System.err - at org.eclipse.e4.ui.internal.workbench.swt.PartRenderingEngine.safeCreateGui(PartRenderingEngine.java:735)
2014-07-30 00:35:44,291 ERROR [main] - System.err - at org.eclipse.e4.ui.internal.workbench.swt.PartRenderingEngine.access$2(PartRenderingEngine.java:706)
2014-07-30 00:35:44,291 ERROR [main] - System.err - at org.eclipse.e4.ui.internal.workbench.swt.PartRenderingEngine$7.run(PartRenderingEngine.java:700)
2014-07-30 00:35:44,291 ERROR [main] - System.err - at org.eclipse.core.runtime.SafeRunner.run(SafeRunner.java:42)
2014-07-30 00:35:44,291 ERROR [main] - System.err - at org.eclipse.e4.ui.internal.workbench.swt.PartRenderingEngine.createGui(PartRenderingEngine.java:685)
2014-07-30 00:35:44,291 ERROR [main] - System.err - at org.eclipse.e4.ui.workbench.renderers.swt.StackRenderer.showTab(StackRenderer.java:1147)
2014-07-30 00:35:44,291 ERROR [main] - System.err - at org.eclipse.e4.ui.workbench.renderers.swt.LazyStackRenderer$1.handleEvent(LazyStackRenderer.java:65)
2014-07-30 00:35:44,291 ERROR [main] - System.err - at org.eclipse.e4.ui.services.internal.events.UIEventHandler$1.run(UIEventHandler.java:41)
2014-07-30 00:35:44,291 ERROR [main] - System.err - at org.eclipse.swt.widgets.Synchronizer.syncExec(Synchronizer.java:180)
2014-07-30 00:35:44,291 ERROR [main] - System.err - at org.eclipse.ui.internal.UISynchronizer.syncExec(UISynchronizer.java:150)
2014-07-30 00:35:44,291 ERROR [main] - System.err - at org.eclipse.swt.widgets.Display.syncExec(Display.java:4491)
2014-07-30 00:35:44,291 ERROR [main] - System.err - at org.eclipse.e4.ui.internal.workbench.swt.E4Application$1.syncExec(E4Application.java:205)
2014-07-30 00:35:44,291 ERROR [main] - System.err - at org.eclipse.e4.ui.services.internal.events.UIEventHandler.handleEvent(UIEventHandler.java:38)
2014-07-30 00:35:44,291 ERROR [main] - System.err - at org.eclipse.equinox.internal.event.EventHandlerWrapper.handleEvent(EventHandlerWrapper.java:197)
2014-07-30 00:35:44,291 ERROR [main] - System.err - at org.eclipse.equinox.internal.event.EventHandlerTracker.dispatchEvent(EventHandlerTracker.java:197)
2014-07-30 00:35:44,291 ERROR [main] - System.err - at org.eclipse.equinox.internal.event.EventHandlerTracker.dispatchEvent(EventHandlerTracker.java:1)
2014-07-30 00:35:44,291 ERROR [main] - System.err - at org.eclipse.osgi.framework.eventmgr.EventManager.dispatchEvent(EventManager.java:230)
2014-07-30 00:35:44,291 ERROR [main] - System.err - at org.eclipse.osgi.framework.eventmgr.ListenerQueue.dispatchEventSynchronous(ListenerQueue.java:148)
2014-07-30 00:35:44,291 ERROR [main] - System.err - at org.eclipse.equinox.internal.event.EventAdminImpl.dispatchEvent(EventAdminImpl.java:135)
2014-07-30 00:35:44,291 ERROR [main] - System.err - at org.eclipse.equinox.internal.event.EventAdminImpl.sendEvent(EventAdminImpl.java:78)
2014-07-30 00:35:44,291 ERROR [main] - System.err - at org.eclipse.equinox.internal.event.EventComponent.sendEvent(EventComponent.java:39)
2014-07-30 00:35:44,291 ERROR [main] - System.err - at org.eclipse.e4.ui.services.internal.events.EventBroker.send(EventBroker.java:80)
2014-07-30 00:35:44,291 ERROR [main] - System.err - at org.eclipse.e4.ui.internal.workbench.UIEventPublisher.notifyChanged(UIEventPublisher.java:58)
2014-07-30 00:35:44,291 ERROR [main] - System.err - at org.eclipse.emf.common.notify.impl.BasicNotifierImpl.eNotify(BasicNotifierImpl.java:374)
2014-07-30 00:35:44,291 ERROR [main] - System.err - at org.eclipse.e4.ui.model.application.ui.impl.ElementContainerImpl.setSelectedElement(ElementContainerImpl.java:171)
2014-07-30 00:35:44,291 ERROR [main] - System.err - at org.eclipse.e4.ui.internal.workbench.ModelServiceImpl.showElementInWindow(ModelServiceImpl.java:576)
2014-07-30 00:35:44,291 ERROR [main] - System.err - at org.eclipse.e4.ui.internal.workbench.ModelServiceImpl.bringToTop(ModelServiceImpl.java:543)
2014-07-30 00:35:44,291 ERROR [main] - System.err - at org.eclipse.e4.ui.internal.workbench.PartServiceImpl.delegateBringToTop(PartServiceImpl.java:619)
2014-07-30 00:35:44,292 ERROR [main] - System.err - at org.eclipse.e4.ui.internal.workbench.PartServiceImpl.bringToTop(PartServiceImpl.java:331)
2014-07-30 00:35:44,292 ERROR [main] - System.err - at org.eclipse.e4.ui.internal.workbench.PartServiceImpl.showPart(PartServiceImpl.java:1046)
2014-07-30 00:35:44,292 ERROR [main] - System.err - at org.eclipse.ui.internal.WorkbenchPage.busyOpenEditor(WorkbenchPage.java:3112)
2014-07-30 00:35:44,292 ERROR [main] - System.err - at org.eclipse.ui.internal.WorkbenchPage.access$21(WorkbenchPage.java:3034)
2014-07-30 00:35:44,292 ERROR [main] - System.err - at org.eclipse.ui.internal.WorkbenchPage$8.run(WorkbenchPage.java:3016)
2014-07-30 00:35:44,292 ERROR [main] - System.err - at org.eclipse.swt.custom.BusyIndicator.showWhile(BusyIndicator.java:70)
2014-07-30 00:35:44,292 ERROR [main] - System.err - at org.eclipse.ui.internal.WorkbenchPage.openEditor(WorkbenchPage.java:3012)
2014-07-30 00:35:44,292 ERROR [main] - System.err - at org.eclipse.ui.internal.WorkbenchPage.openEditor(WorkbenchPage.java:2976)
2014-07-30 00:35:44,292 ERROR [main] - System.err - at org.eclipse.ui.internal.WorkbenchPage.openEditor(WorkbenchPage.java:2967)
2014-07-30 00:35:44,292 ERROR [main] - System.err - at org.eclipse.ui.ide.IDE.openEditor(IDE.java:534)
2014-07-30 00:35:44,292 ERROR [main] - System.err - at org.eclipse.ui.ide.IDE.openEditor(IDE.java:493)
2014-07-30 00:35:44,292 ERROR [main] - System.err - at org.eclipse.jdt.internal.ui.javaeditor.EditorUtility.openInEditor(EditorUtility.java:360)
2014-07-30 00:35:44,292 ERROR [main] - System.err - at org.eclipse.jdt.internal.ui.javaeditor.EditorUtility.openInEditor(EditorUtility.java:167)
2014-07-30 00:35:44,292 ERROR [main] - System.err - at org.eclipse.jdt.ui.actions.OpenAction.run(OpenAction.java:268)
2014-07-30 00:35:44,292 ERROR [main] - System.err - at org.eclipse.jdt.ui.actions.OpenAction.run(OpenAction.java:233)
2014-07-30 00:35:44,292 ERROR [main] - System.err - at org.eclipse.jdt.ui.actions.SelectionDispatchAction.dispatchRun(SelectionDispatchAction.java:275)
2014-07-30 00:35:44,292 ERROR [main] - System.err - at org.eclipse.jdt.ui.actions.SelectionDispatchAction.run(SelectionDispatchAction.java:251)
2014-07-30 00:35:44,292 ERROR [main] - System.err - at org.eclipse.jdt.internal.ui.packageview.PackageExplorerActionGroup.handleOpen(PackageExplorerActionGroup.java:376)
2014-07-30 00:35:44,292 ERROR [main] - System.err - at org.eclipse.jdt.internal.ui.packageview.PackageExplorerPart$4.open(PackageExplorerPart.java:538)
2014-07-30 00:35:44,292 ERROR [main] - System.err - at org.eclipse.ui.OpenAndLinkWithEditorHelper$InternalListener.open(OpenAndLinkWithEditorHelper.java:47)
2014-07-30 00:35:44,292 ERROR [main] - System.err - at org.eclipse.jface.viewers.StructuredViewer$2.run(StructuredViewer.java:866)
2014-07-30 00:35:44,292 ERROR [main] - System.err - at org.eclipse.core.runtime.SafeRunner.run(SafeRunner.java:42)
2014-07-30 00:35:44,292 ERROR [main] - System.err - at org.eclipse.ui.internal.JFaceUtil$1.run(JFaceUtil.java:49)
2014-07-30 00:35:44,292 ERROR [main] - System.err - at org.eclipse.jface.util.SafeRunnable.run(SafeRunnable.java:175)
2014-07-30 00:35:44,292 ERROR [main] - System.err - at org.eclipse.jface.viewers.StructuredViewer.fireOpen(StructuredViewer.java:864)
2014-07-30 00:35:44,292 ERROR [main] - System.err - at org.eclipse.jface.viewers.StructuredViewer.handleOpen(StructuredViewer.java:1152)
2014-07-30 00:35:44,293 ERROR [main] - System.err - at org.eclipse.jface.viewers.StructuredViewer$6.handleOpen(StructuredViewer.java:1256)
2014-07-30 00:35:44,293 ERROR [main] - System.err - at org.eclipse.jface.util.OpenStrategy.fireOpenEvent(OpenStrategy.java:275)
2014-07-30 00:35:44,293 ERROR [main] - System.err - at org.eclipse.jface.util.OpenStrategy.access$2(OpenStrategy.java:269)
2014-07-30 00:35:44,293 ERROR [main] - System.err - at org.eclipse.jface.util.OpenStrategy$1.handleEvent(OpenStrategy.java:309)
2014-07-30 00:35:44,293 ERROR [main] - System.err - at org.eclipse.swt.widgets.EventTable.sendEvent(EventTable.java:84)
2014-07-30 00:35:44,293 ERROR [main] - System.err - at org.eclipse.swt.widgets.Widget.sendEvent(Widget.java:1392)
2014-07-30 00:35:44,293 ERROR [main] - System.err - at org.eclipse.swt.widgets.Display.runDeferredEvents(Display.java:3742)
2014-07-30 00:35:44,293 ERROR [main] - System.err - at org.eclipse.swt.widgets.Display.readAndDispatch(Display.java:3363)
2014-07-30 00:35:44,293 ERROR [main] - System.err - at org.eclipse.e4.ui.internal.workbench.swt.PartRenderingEngine$9.run(PartRenderingEngine.java:1113)
2014-07-30 00:35:44,293 ERROR [main] - System.err - at org.eclipse.core.databinding.observable.Realm.runWithDefault(Realm.java:332)
2014-07-30 00:35:44,293 ERROR [main] - System.err - at org.eclipse.e4.ui.internal.workbench.swt.PartRenderingEngine.run(PartRenderingEngine.java:997)
2014-07-30 00:35:44,293 ERROR [main] - System.err - at org.eclipse.e4.ui.internal.workbench.E4Workbench.createAndRunUI(E4Workbench.java:140)
2014-07-30 00:35:44,293 ERROR [main] - System.err - at org.eclipse.ui.internal.Workbench$5.run(Workbench.java:611)
2014-07-30 00:35:44,293 ERROR [main] - System.err - at org.eclipse.core.databinding.observable.Realm.runWithDefault(Realm.java:332)
2014-07-30 00:35:44,293 ERROR [main] - System.err - at org.eclipse.ui.internal.Workbench.createAndRunWorkbench(Workbench.java:567)
2014-07-30 00:35:44,293 ERROR [main] - System.err - at org.eclipse.ui.PlatformUI.createAndRunWorkbench(PlatformUI.java:150)
2014-07-30 00:35:44,293 ERROR [main] - System.err - at org.eclipse.ui.internal.ide.application.IDEApplication.start(IDEApplication.java:124)
2014-07-30 00:35:44,293 ERROR [main] - System.err - at org.eclipse.equinox.internal.app.EclipseAppHandle.run(EclipseAppHandle.java:196)
2014-07-30 00:35:44,293 ERROR [main] - System.err - at org.eclipse.core.runtime.internal.adaptor.EclipseAppLauncher.runApplication(EclipseAppLauncher.java:110)
2014-07-30 00:35:44,294 ERROR [main] - System.err - at org.eclipse.core.runtime.internal.adaptor.EclipseAppLauncher.start(EclipseAppLauncher.java:79)
2014-07-30 00:35:44,294 ERROR [main] - System.err - at org.eclipse.core.runtime.adaptor.EclipseStarter.run(EclipseStarter.java:354)
2014-07-30 00:35:44,294 ERROR [main] - System.err - at org.eclipse.core.runtime.adaptor.EclipseStarter.run(EclipseStarter.java:181)
2014-07-30 00:35:44,294 ERROR [main] - System.err - at sun.reflect.NativeMethodAccessorImpl.invoke0(Native Method)
2014-07-30 00:35:44,294 ERROR [main] - System.err - at sun.reflect.NativeMethodAccessorImpl.invoke(NativeMethodAccessorImpl.java:57)
2014-07-30 00:35:44,294 ERROR [main] - System.err - at sun.reflect.DelegatingMethodAccessorImpl.invoke(DelegatingMethodAccessorImpl.java:43)
2014-07-30 00:35:44,294 ERROR [main] - System.err - at java.lang.reflect.Method.invoke(Method.java:606)
2014-07-30 00:35:44,294 ERROR [main] - System.err - at org.eclipse.equinox.launcher.Main.invokeFramework(Main.java:636)
2014-07-30 00:35:44,294 ERROR [main] - System.err - at org.eclipse.equinox.launcher.Main.basicRun(Main.java:591)
2014-07-30 00:35:44,294 ERROR [main] - System.err - at org.eclipse.equinox.launcher.Main.run(Main.java:1450)
2014-07-30 00:35:44,776 ERROR [main] - org.scala-ide.sdt.core - org.scala-ide.sdt.core - org.scala-ide.sdt.core - 0 - scala.reflect.internal.FatalError: package scala does not have a member Int
