#
# A fatal error has been detected by the Java Runtime Environment:
#
#  SIGBUS (0x7) at pc=0x00007f546fbe4a32, pid=28885, tid=0x00007f544f5af700
#
# JRE version: Java(TM) SE Runtime Environment (8.0_101-b13) (build 1.8.0_101-b13)
# Java VM: Java HotSpot(TM) 64-Bit Server VM (25.101-b13 mixed mode linux-amd64 compressed oops)
# Problematic frame:
# C  [libzip.so+0x11a32]  newEntry+0x62
#
# Failed to write core dump. Core dumps have been disabled. To enable core dumping, try "ulimit -c unlimited" before starting Java again
#
# If you would like to submit a bug report, please visit:
#   http://bugreport.java.com/bugreport/crash.jsp
# The crash happened outside the Java Virtual Machine in native code.
# See problematic frame for where to report the bug.
#

---------------  T H R E A D  ---------------

Current thread (0x00007f5470149000):  JavaThread "ContainerBackgroundProcessor[StandardEngine[Catalina]]" daemon [_thread_in_native, id=29128, stack(0x00007f544f4af000,0x00007f544f5b0000)]

siginfo: si_signo: 7 (SIGBUS), si_code: 2 (BUS_ADRERR), si_addr: 0x00007f544f240c13

Registers:
RAX=0x00007f54240a9830, RBX=0x00007f540c28d120, RCX=0x00007f5424000020, RDX=0x00007f54240a9830
RSP=0x00007f544f5adb10, RBP=0x00007f544f5adb60, RSI=0x00007f5424000038, RDI=0x0000000000000003
R8 =0x00007f54240abe20, R9 =0x00007f544f5adbe0, R10=0x00007f54240a9820, R11=0x00000000dfafa840
R12=0x00007f544f240bf6, R13=0x00007f54240a9830, R14=0x000000004f9373a2, R15=0x00007f540c28b9e0
RIP=0x00007f546fbe4a32, EFLAGS=0x0000000000010206, CSGSFS=0x0000000000000033, ERR=0x0000000000000004
  TRAPNO=0x000000000000000e

Top of Stack: (sp=0x00007f544f5adb10)
0x00007f544f5adb10:   0000000000000002 00007f5400000000
0x00007f544f5adb20:   00000001000007a8 00007f547594934e
0x00007f544f5adb30:   00007f54240a9830 00007f540c28d120
0x00007f544f5adb40:   00007f542409d7c0 00007f540c28b9e0
0x00007f544f5adb50:   000000004f9373a2 0000000000000027
0x00007f544f5adb60:   00007f544f5adbc0 00007f546fbe518f
0x00007f544f5adb70:   00007f5470149000 01007f544f5adeb0
0x00007f544f5adb80:   00007f544f5adbe0 00007f544f5adc08
0x00007f544f5adb90:   00007f544f5adc06 00007f544f5adbe0
0x00007f544f5adba0:   0000000000000027 00007f54701491f8
0x00007f544f5adbb0:   00007f544f5ae038 0000000000000001
0x00007f544f5adbc0:   00007f544f5ae020 00007f546fbd6ec0
0x00007f544f5adbd0:   00007f544f5adc30 00007f540c28b9e0
0x00007f544f5adbe0:   6e666f732f6d6f63 6f632f65726f632f
0x00007f544f5adbf0:   4f2f746e6174736e 6f4c657461726570
0x00007f544f5adc00:   007373616c632e67 656e7554246e6f00
0x00007f544f5adc10:   00007f545742d3d8 00007f5470149000
0x00007f544f5adc20:   726572756769666e 00007373616c632e
0x00007f544f5adc30:   00007f545742d3d8 00007f5470149000
0x00007f544f5adc40:   00007f544f5adc70 00007f5470136f70
0x00007f544f5adc50:   00000000dfad64b8 00007f545742d3d8
0x00007f544f5adc60:   00007f5470295890 00007f5470149000
0x00007f544f5adc70:   00007f544f5ade00 00007f547573ce2f
0x00007f544f5adc80:   00007f5470362520 00007f5470362540
0x00007f544f5adc90:   00007f544f5adce0 00007f544f5add60
0x00007f544f5adca0:   00007f544f5ade30 00007f544f5adeb0
0x00007f544f5adcb0:   00007f54701491f8 00007f547575bf60
0x00007f544f5adcc0:   00007f542c0e5d20 00007f542c0e5d30
0x00007f544f5adcd0:   00007f542c0e6108 00000000000003d8
0x00007f544f5adce0:   00000000000000d6 00000000dfad64b8
0x00007f544f5adcf0:   0000000085b0c358 00007f5470149000
0x00007f544f5add00:   00007f545742d3d8 00007f5470149000 

Instructions: (pc=0x00007f546fbe4a32)
0x00007f546fbe4a12:   00 48 c7 40 28 00 00 00 00 41 80 7f 30 00 0f 84
0x00007f546fbe4a22:   8a 02 00 00 4c 8b 63 08 4d 2b 67 28 4d 03 67 18
0x00007f546fbe4a32:   41 0f b6 5c 24 1d 41 0f b6 44 24 1c c1 e3 08 09
0x00007f546fbe4a42:   c3 41 0f b6 44 24 1e 88 45 bd 41 0f b6 54 24 20 

Register to memory mapping:

RAX=0x00007f54240a9830 is an unknown value
RBX=0x00007f540c28d120 is an unknown value
RCX=0x00007f5424000020 is an unknown value
RDX=0x00007f54240a9830 is an unknown value
RSP=0x00007f544f5adb10 is pointing into the stack for thread: 0x00007f5470149000
RBP=0x00007f544f5adb60 is pointing into the stack for thread: 0x00007f5470149000
RSI=0x00007f5424000038 is an unknown value
RDI=0x0000000000000003 is an unknown value
R8 =0x00007f54240abe20 is an unknown value
R9 =0x00007f544f5adbe0 is pointing into the stack for thread: 0x00007f5470149000
R10=0x00007f54240a9820 is an unknown value
R11=0x00000000dfafa840 is an oop
