2017-01-16 17:25:17,010 [myid:] - INFO  [main:QuorumPeerConfig@103] - Reading configuration from: /home/helong/he/lky/share/sjgxpt/udev/sw/zookeeper-3.4.6/bin/../conf/zoo.cfg
2017-01-16 17:25:17,023 [myid:] - INFO  [main:DatadirCleanupManager@78] - autopurge.snapRetainCount set to 3
2017-01-16 17:25:17,023 [myid:] - INFO  [main:DatadirCleanupManager@79] - autopurge.purgeInterval set to 0
2017-01-16 17:25:17,023 [myid:] - INFO  [main:DatadirCleanupManager@101] - Purge task is not scheduled.
2017-01-16 17:25:17,023 [myid:] - WARN  [main:QuorumPeerMain@113] - Either no config or no quorum defined in config, running  in standalone mode
2017-01-16 17:25:17,033 [myid:] - INFO  [main:QuorumPeerConfig@103] - Reading configuration from: /home/helong/he/lky/share/sjgxpt/udev/sw/zookeeper-3.4.6/bin/../conf/zoo.cfg
2017-01-16 17:25:17,033 [myid:] - INFO  [main:ZooKeeperServerMain@95] - Starting server
2017-01-16 17:25:17,039 [myid:] - INFO  [main:Environment@100] - Server environment:zookeeper.version=3.4.6-1569965, built on 02/20/2014 09:09 GMT
2017-01-16 17:25:17,040 [myid:] - INFO  [main:Environment@100] - Server environment:host.name=he-ubuntu
2017-01-16 17:25:17,040 [myid:] - INFO  [main:Environment@100] - Server environment:java.version=1.8.0_101
2017-01-16 17:25:17,040 [myid:] - INFO  [main:Environment@100] - Server environment:java.vendor=Oracle Corporation
2017-01-16 17:25:17,040 [myid:] - INFO  [main:Environment@100] - Server environment:java.home=/usr/lib/jvm/java-8-oracle/jre
2017-01-16 17:25:17,040 [myid:] - INFO  [main:Environment@100] - Server environment:java.class.path=/home/helong/he/lky/share/sjgxpt/udev/sw/zookeeper-3.4.6/bin/../build/classes:/home/helong/he/lky/share/sjgxpt/udev/sw/zookeeper-3.4.6/bin/../build/lib/*.jar:/home/helong/he/lky/share/sjgxpt/udev/sw/zookeeper-3.4.6/bin/../lib/slf4j-log4j12-1.6.1.jar:/home/helong/he/lky/share/sjgxpt/udev/sw/zookeeper-3.4.6/bin/../lib/slf4j-api-1.6.1.jar:/home/helong/he/lky/share/sjgxpt/udev/sw/zookeeper-3.4.6/bin/../lib/netty-3.7.0.Final.jar:/home/helong/he/lky/share/sjgxpt/udev/sw/zookeeper-3.4.6/bin/../lib/log4j-1.2.16.jar:/home/helong/he/lky/share/sjgxpt/udev/sw/zookeeper-3.4.6/bin/../lib/jline-0.9.94.jar:/home/helong/he/lky/share/sjgxpt/udev/sw/zookeeper-3.4.6/bin/../zookeeper-3.4.6.jar:/home/helong/he/lky/share/sjgxpt/udev/sw/zookeeper-3.4.6/bin/../src/java/lib/*.jar:/home/helong/he/lky/share/sjgxpt/udev/sw/zookeeper-3.4.6/bin/../conf:
2017-01-16 17:25:17,040 [myid:] - INFO  [main:Environment@100] - Server environment:java.library.path=/usr/java/packages/lib/amd64:/usr/lib64:/lib64:/lib:/usr/lib
2017-01-16 17:25:17,040 [myid:] - INFO  [main:Environment@100] - Server environment:java.io.tmpdir=/tmp
2017-01-16 17:25:17,040 [myid:] - INFO  [main:Environment@100] - Server environment:java.compiler=<NA>
2017-01-16 17:25:17,041 [myid:] - INFO  [main:Environment@100] - Server environment:os.name=Linux
2017-01-16 17:25:17,041 [myid:] - INFO  [main:Environment@100] - Server environment:os.arch=amd64
2017-01-16 17:25:17,041 [myid:] - INFO  [main:Environment@100] - Server environment:os.version=4.4.0-59-generic
2017-01-16 17:25:17,041 [myid:] - INFO  [main:Environment@100] - Server environment:user.name=helong
2017-01-16 17:25:17,041 [myid:] - INFO  [main:Environment@100] - Server environment:user.home=/home/helong
2017-01-16 17:25:17,041 [myid:] - INFO  [main:Environment@100] - Server environment:user.dir=/home/helong/he/lky/share/sjgxpt/script/dp
2017-01-16 17:25:17,046 [myid:] - INFO  [main:ZooKeeperServer@755] - tickTime set to 2000
2017-01-16 17:25:17,047 [myid:] - INFO  [main:ZooKeeperServer@764] - minSessionTimeout set to -1
2017-01-16 17:25:17,047 [myid:] - INFO  [main:ZooKeeperServer@773] - maxSessionTimeout set to -1
2017-01-16 17:25:17,079 [myid:] - INFO  [main:NIOServerCnxnFactory@94] - binding to port 0.0.0.0/0.0.0.0:2181
2017-01-16 17:26:11,250 [myid:] - INFO  [NIOServerCxn.Factory:0.0.0.0/0.0.0.0:2181:NIOServerCnxnFactory@197] - Accepted socket connection from /127.0.0.1:55762
2017-01-16 17:26:12,360 [myid:] - INFO  [NIOServerCxn.Factory:0.0.0.0/0.0.0.0:2181:ZooKeeperServer@868] - Client attempting to establish new session at /127.0.0.1:55762
2017-01-16 17:26:12,383 [myid:] - INFO  [SyncThread:0:FileTxnLog@199] - Creating new log file: log.13f8a
2017-01-16 17:26:12,485 [myid:] - INFO  [SyncThread:0:ZooKeeperServer@617] - Established session 0x159a6988f770000 with negotiated timeout 40000 for client /127.0.0.1:55762
2017-01-16 17:26:13,083 [myid:] - INFO  [ProcessThread(sid:0 cport:-1)::PrepRequestProcessor@645] - Got user-level KeeperException when processing sessionid:0x159a6988f770000 type:create cxid:0x1 zxid:0x13f8b txntype:-1 reqpath:n/a Error Path:/dubbo Error:KeeperErrorCode = NodeExists for /dubbo
2017-01-16 17:26:13,205 [myid:] - INFO  [ProcessThread(sid:0 cport:-1)::PrepRequestProcessor@645] - Got user-level KeeperException when processing sessionid:0x159a6988f770000 type:create cxid:0x2 zxid:0x13f8c txntype:-1 reqpath:n/a Error Path:/dubbo/com.sofn.provider.dgap.TDgapWsLogProvider Error:KeeperErrorCode = NodeExists for /dubbo/com.sofn.provider.dgap.TDgapWsLogProvider
2017-01-16 17:26:13,213 [myid:] - INFO  [ProcessThread(sid:0 cport:-1)::PrepRequestProcessor@645] - Got user-level KeeperException when processing sessionid:0x159a6988f770000 type:create cxid:0x3 zxid:0x13f8d txntype:-1 reqpath:n/a Error Path:/dubbo/com.sofn.provider.dgap.TDgapWsLogProvider/consumers Error:KeeperErrorCode = NodeExists for /dubbo/com.sofn.provider.dgap.TDgapWsLogProvider/consumers
2017-01-16 17:26:13,252 [myid:] - INFO  [ProcessThread(sid:0 cport:-1)::PrepRequestProcessor@645] - Got user-level KeeperException when processing sessionid:0x159a6988f770000 type:create cxid:0x5 zxid:0x13f8f txntype:-1 reqpath:n/a Error Path:/dubbo Error:KeeperErrorCode = NodeExists for /dubbo
2017-01-16 17:26:13,288 [myid:] - INFO  [ProcessThread(sid:0 cport:-1)::PrepRequestProcessor@645] - Got user-level KeeperException when processing sessionid:0x159a6988f770000 type:create cxid:0x6 zxid:0x13f90 txntype:-1 reqpath:n/a Error Path:/dubbo/com.sofn.provider.dgap.TDgapWsLogProvider Error:KeeperErrorCode = NodeExists for /dubbo/com.sofn.provider.dgap.TDgapWsLogProvider
2017-01-16 17:26:13,296 [myid:] - INFO  [ProcessThread(sid:0 cport:-1)::PrepRequestProcessor@645] - Got user-level KeeperException when processing sessionid:0x159a6988f770000 type:create cxid:0x7 zxid:0x13f91 txntype:-1 reqpath:n/a Error Path:/dubbo/com.sofn.provider.dgap.TDgapWsLogProvider/providers Error:KeeperErrorCode = NodeExists for /dubbo/com.sofn.provider.dgap.TDgapWsLogProvider/providers
2017-01-16 17:26:13,416 [myid:] - INFO  [ProcessThread(sid:0 cport:-1)::PrepRequestProcessor@645] - Got user-level KeeperException when processing sessionid:0x159a6988f770000 type:create cxid:0xa zxid:0x13f92 txntype:-1 reqpath:n/a Error Path:/dubbo Error:KeeperErrorCode = NodeExists for /dubbo
2017-01-16 17:26:13,432 [myid:] - INFO  [ProcessThread(sid:0 cport:-1)::PrepRequestProcessor@645] - Got user-level KeeperException when processing sessionid:0x159a6988f770000 type:create cxid:0xb zxid:0x13f93 txntype:-1 reqpath:n/a Error Path:/dubbo/com.sofn.provider.dgap.TDgapWsLogProvider Error:KeeperErrorCode = NodeExists for /dubbo/com.sofn.provider.dgap.TDgapWsLogProvider
2017-01-16 17:26:13,437 [myid:] - INFO  [ProcessThread(sid:0 cport:-1)::PrepRequestProcessor@645] - Got user-level KeeperException when processing sessionid:0x159a6988f770000 type:create cxid:0xc zxid:0x13f94 txntype:-1 reqpath:n/a Error Path:/dubbo/com.sofn.provider.dgap.TDgapWsLogProvider/configurators Error:KeeperErrorCode = NodeExists for /dubbo/com.sofn.provider.dgap.TDgapWsLogProvider/configurators
2017-01-16 17:26:13,452 [myid:] - INFO  [ProcessThread(sid:0 cport:-1)::PrepRequestProcessor@645] - Got user-level KeeperException when processing sessionid:0x159a6988f770000 type:create cxid:0xf zxid:0x13f95 txntype:-1 reqpath:n/a Error Path:/dubbo Error:KeeperErrorCode = NodeExists for /dubbo
2017-01-16 17:26:13,463 [myid:] - INFO  [ProcessThread(sid:0 cport:-1)::PrepRequestProcessor@645] - Got user-level KeeperException when processing sessionid:0x159a6988f770000 type:create cxid:0x10 zxid:0x13f96 txntype:-1 reqpath:n/a Error Path:/dubbo/com.sofn.provider.dgap.TDgapWsLogProvider Error:KeeperErrorCode = NodeExists for /dubbo/com.sofn.provider.dgap.TDgapWsLogProvider
2017-01-16 17:26:13,471 [myid:] - INFO  [ProcessThread(sid:0 cport:-1)::PrepRequestProcessor@645] - Got user-level KeeperException when processing sessionid:0x159a6988f770000 type:create cxid:0x11 zxid:0x13f97 txntype:-1 reqpath:n/a Error Path:/dubbo/com.sofn.provider.dgap.TDgapWsLogProvider/routers Error:KeeperErrorCode = NodeExists for /dubbo/com.sofn.provider.dgap.TDgapWsLogProvider/routers
2017-01-16 17:26:14,001 [myid:] - INFO  [SessionTracker:ZooKeeperServer@347] - Expiring session 0x159a67e5e110002, timeout of 40000ms exceeded
2017-01-16 17:26:14,001 [myid:] - INFO  [SessionTracker:ZooKeeperServer@347] - Expiring session 0x159a67e5e110003, timeout of 40000ms exceeded
2017-01-16 17:26:14,001 [myid:] - INFO  [SessionTracker:ZooKeeperServer@347] - Expiring session 0x159a67e5e110001, timeout of 40000ms exceeded
2017-01-16 17:26:14,002 [myid:] - INFO  [SessionTracker:ZooKeeperServer@347] - Expiring session 0x159a67e5e110005, timeout of 40000ms exceeded
2017-01-16 17:26:14,002 [myid:] - INFO  [SessionTracker:ZooKeeperServer@347] - Expiring session 0x159a67e5e110004, timeout of 40000ms exceeded
2017-01-16 17:26:14,002 [myid:] - INFO  [SessionTracker:ZooKeeperServer@347] - Expiring session 0x159a67e5e110000, timeout of 40000ms exceeded
2017-01-16 17:26:14,002 [myid:] - INFO  [SessionTracker:ZooKeeperServer@347] - Expiring session 0x159a67e5e110006, timeout of 40000ms exceeded
2017-01-16 17:26:14,004 [myid:] - INFO  [ProcessThread(sid:0 cport:-1)::PrepRequestProcessor@494] - Processed session termination for sessionid: 0x159a67e5e110002
2017-01-16 17:26:14,006 [myid:] - INFO  [ProcessThread(sid:0 cport:-1)::PrepRequestProcessor@494] - Processed session termination for sessionid: 0x159a67e5e110003
2017-01-16 17:26:14,006 [myid:] - INFO  [ProcessThread(sid:0 cport:-1)::PrepRequestProcessor@494] - Processed session termination for sessionid: 0x159a67e5e110001
2017-01-16 17:26:14,007 [myid:] - INFO  [ProcessThread(sid:0 cport:-1)::PrepRequestProcessor@494] - Processed session termination for sessionid: 0x159a67e5e110005
2017-01-16 17:26:14,009 [myid:] - INFO  [ProcessThread(sid:0 cport:-1)::PrepRequestProcessor@494] - Processed session termination for sessionid: 0x159a67e5e110004
2017-01-16 17:26:14,013 [myid:] - INFO  [ProcessThread(sid:0 cport:-1)::PrepRequestProcessor@494] - Processed session termination for sessionid: 0x159a67e5e110000
2017-01-16 17:26:14,017 [myid:] - INFO  [ProcessThread(sid:0 cport:-1)::PrepRequestProcessor@494] - Processed session termination for sessionid: 0x159a67e5e110006
2017-01-16 17:26:19,536 [myid:] - INFO  [ProcessThread(sid:0 cport:-1)::PrepRequestProcessor@645] - Got user-level KeeperException when processing sessionid:0x159a6988f770000 type:create cxid:0x16 zxid:0x13f9f txntype:-1 reqpath:n/a Error Path:/dubbo Error:KeeperErrorCode = NodeExists for /dubbo
2017-01-16 17:26:19,667 [myid:] - INFO  [ProcessThread(sid:0 cport:-1)::PrepRequestProcessor@645] - Got user-level KeeperException when processing sessionid:0x159a6988f770000 type:create cxid:0x17 zxid:0x13fa0 txntype:-1 reqpath:n/a Error Path:/dubbo/com.sofn.provider.dgap.TDgapWsErrorLogProvider Error:KeeperErrorCode = NodeExists for /dubbo/com.sofn.provider.dgap.TDgapWsErrorLogProvider
2017-01-16 17:26:19,726 [myid:] - INFO  [ProcessThread(sid:0 cport:-1)::PrepRequestProcessor@645] - Got user-level KeeperException when processing sessionid:0x159a6988f770000 type:create cxid:0x18 zxid:0x13fa1 txntype:-1 reqpath:n/a Error Path:/dubbo/com.sofn.provider.dgap.TDgapWsErrorLogProvider/consumers Error:KeeperErrorCode = NodeExists for /dubbo/com.sofn.provider.dgap.TDgapWsErrorLogProvider/consumers
2017-01-16 17:26:19,860 [myid:] - INFO  [ProcessThread(sid:0 cport:-1)::PrepRequestProcessor@645] - Got user-level KeeperException when processing sessionid:0x159a6988f770000 type:create cxid:0x1a zxid:0x13fa3 txntype:-1 reqpath:n/a Error Path:/dubbo Error:KeeperErrorCode = NodeExists for /dubbo
2017-01-16 17:26:19,910 [myid:] - INFO  [ProcessThread(sid:0 cport:-1)::PrepRequestProcessor@645] - Got user-level KeeperException when processing sessionid:0x159a6988f770000 type:create cxid:0x1b zxid:0x13fa4 txntype:-1 reqpath:n/a Error Path:/dubbo/com.sofn.provider.dgap.TDgapWsErrorLogProvider Error:KeeperErrorCode = NodeExists for /dubbo/com.sofn.provider.dgap.TDgapWsErrorLogProvider
2017-01-16 17:26:19,965 [myid:] - INFO  [ProcessThread(sid:0 cport:-1)::PrepRequestProcessor@645] - Got user-level KeeperException when processing sessionid:0x159a6988f770000 type:create cxid:0x1c zxid:0x13fa5 txntype:-1 reqpath:n/a Error Path:/dubbo/com.sofn.provider.dgap.TDgapWsErrorLogProvider/providers Error:KeeperErrorCode = NodeExists for /dubbo/com.sofn.provider.dgap.TDgapWsErrorLogProvider/providers
2017-01-16 17:26:20,054 [myid:] - INFO  [ProcessThread(sid:0 cport:-1)::PrepRequestProcessor@645] - Got user-level KeeperException when processing sessionid:0x159a6988f770000 type:create cxid:0x1f zxid:0x13fa6 txntype:-1 reqpath:n/a Error Path:/dubbo Error:KeeperErrorCode = NodeExists for /dubbo
2017-01-16 17:26:20,105 [myid:] - INFO  [ProcessThread(sid:0 cport:-1)::PrepRequestProcessor@645] - Got user-level KeeperException when processing sessionid:0x159a6988f770000 type:create cxid:0x20 zxid:0x13fa7 txntype:-1 reqpath:n/a Error Path:/dubbo/com.sofn.provider.dgap.TDgapWsErrorLogProvider Error:KeeperErrorCode = NodeExists for /dubbo/com.sofn.provider.dgap.TDgapWsErrorLogProvider
2017-01-16 17:26:20,154 [myid:] - INFO  [ProcessThread(sid:0 cport:-1)::PrepRequestProcessor@645] - Got user-level KeeperException when processing sessionid:0x159a6988f770000 type:create cxid:0x21 zxid:0x13fa8 txntype:-1 reqpath:n/a Error Path:/dubbo/com.sofn.provider.dgap.TDgapWsErrorLogProvider/configurators Error:KeeperErrorCode = NodeExists for /dubbo/com.sofn.provider.dgap.TDgapWsErrorLogProvider/configurators
2017-01-16 17:26:20,249 [myid:] - INFO  [ProcessThread(sid:0 cport:-1)::PrepRequestProcessor@645] - Got user-level KeeperException when processing sessionid:0x159a6988f770000 type:create cxid:0x24 zxid:0x13fa9 txntype:-1 reqpath:n/a Error Path:/dubbo Error:KeeperErrorCode = NodeExists for /dubbo
2017-01-16 17:26:20,304 [myid:] - INFO  [ProcessThread(sid:0 cport:-1)::PrepRequestProcessor@645] - Got user-level KeeperException when processing sessionid:0x159a6988f770000 type:create cxid:0x25 zxid:0x13faa txntype:-1 reqpath:n/a Error Path:/dubbo/com.sofn.provider.dgap.TDgapWsErrorLogProvider Error:KeeperErrorCode = NodeExists for /dubbo/com.sofn.provider.dgap.TDgapWsErrorLogProvider
2017-01-16 17:26:20,340 [myid:] - INFO  [ProcessThread(sid:0 cport:-1)::PrepRequestProcessor@645] - Got user-level KeeperException when processing sessionid:0x159a6988f770000 type:create cxid:0x26 zxid:0x13fab txntype:-1 reqpath:n/a Error Path:/dubbo/com.sofn.provider.dgap.TDgapWsErrorLogProvider/routers Error:KeeperErrorCode = NodeExists for /dubbo/com.sofn.provider.dgap.TDgapWsErrorLogProvider/routers
2017-01-16 17:26:20,736 [myid:] - INFO  [ProcessThread(sid:0 cport:-1)::PrepRequestProcessor@645] - Got user-level KeeperException when processing sessionid:0x159a6988f770000 type:create cxid:0x29 zxid:0x13fac txntype:-1 reqpath:n/a Error Path:/dubbo Error:KeeperErrorCode = NodeExists for /dubbo
2017-01-16 17:26:20,824 [myid:] - INFO  [ProcessThread(sid:0 cport:-1)::PrepRequestProcessor@645] - Got user-level KeeperException when processing sessionid:0x159a6988f770000 type:create cxid:0x2a zxid:0x13fad txntype:-1 reqpath:n/a Error Path:/dubbo/com.sofn.provider.dgap.TDgapResourceProvider Error:KeeperErrorCode = NodeExists for /dubbo/com.sofn.provider.dgap.TDgapResourceProvider
2017-01-16 17:26:20,915 [myid:] - INFO  [ProcessThread(sid:0 cport:-1)::PrepRequestProcessor@645] - Got user-level KeeperException when processing sessionid:0x159a6988f770000 type:create cxid:0x2b zxid:0x13fae txntype:-1 reqpath:n/a Error Path:/dubbo/com.sofn.provider.dgap.TDgapResourceProvider/consumers Error:KeeperErrorCode = NodeExists for /dubbo/com.sofn.provider.dgap.TDgapResourceProvider/consumers
2017-01-16 17:26:21,061 [myid:] - INFO  [ProcessThread(sid:0 cport:-1)::PrepRequestProcessor@645] - Got user-level KeeperException when processing sessionid:0x159a6988f770000 type:create cxid:0x2d zxid:0x13fb0 txntype:-1 reqpath:n/a Error Path:/dubbo Error:KeeperErrorCode = NodeExists for /dubbo
2017-01-16 17:26:21,116 [myid:] - INFO  [ProcessThread(sid:0 cport:-1)::PrepRequestProcessor@645] - Got user-level KeeperException when processing sessionid:0x159a6988f770000 type:create cxid:0x2e zxid:0x13fb1 txntype:-1 reqpath:n/a Error Path:/dubbo/com.sofn.provider.dgap.TDgapResourceProvider Error:KeeperErrorCode = NodeExists for /dubbo/com.sofn.provider.dgap.TDgapResourceProvider
2017-01-16 17:26:21,205 [myid:] - INFO  [ProcessThread(sid:0 cport:-1)::PrepRequestProcessor@645] - Got user-level KeeperException when processing sessionid:0x159a6988f770000 type:create cxid:0x2f zxid:0x13fb2 txntype:-1 reqpath:n/a Error Path:/dubbo/com.sofn.provider.dgap.TDgapResourceProvider/providers Error:KeeperErrorCode = NodeExists for /dubbo/com.sofn.provider.dgap.TDgapResourceProvider/providers
2017-01-16 17:26:21,301 [myid:] - INFO  [ProcessThread(sid:0 cport:-1)::PrepRequestProcessor@645] - Got user-level KeeperException when processing sessionid:0x159a6988f770000 type:create cxid:0x32 zxid:0x13fb3 txntype:-1 reqpath:n/a Error Path:/dubbo Error:KeeperErrorCode = NodeExists for /dubbo
2017-01-16 17:26:21,394 [myid:] - INFO  [ProcessThread(sid:0 cport:-1)::PrepRequestProcessor@645] - Got user-level KeeperException when processing sessionid:0x159a6988f770000 type:create cxid:0x33 zxid:0x13fb4 txntype:-1 reqpath:n/a Error Path:/dubbo/com.sofn.provider.dgap.TDgapResourceProvider Error:KeeperErrorCode = NodeExists for /dubbo/com.sofn.provider.dgap.TDgapResourceProvider
2017-01-16 17:26:21,454 [myid:] - INFO  [ProcessThread(sid:0 cport:-1)::PrepRequestProcessor@645] - Got user-level KeeperException when processing sessionid:0x159a6988f770000 type:create cxid:0x34 zxid:0x13fb5 txntype:-1 reqpath:n/a Error Path:/dubbo/com.sofn.provider.dgap.TDgapResourceProvider/configurators Error:KeeperErrorCode = NodeExists for /dubbo/com.sofn.provider.dgap.TDgapResourceProvider/configurators
2017-01-16 17:26:21,553 [myid:] - INFO  [ProcessThread(sid:0 cport:-1)::PrepRequestProcessor@645] - Got user-level KeeperException when processing sessionid:0x159a6988f770000 type:create cxid:0x37 zxid:0x13fb6 txntype:-1 reqpath:n/a Error Path:/dubbo Error:KeeperErrorCode = NodeExists for /dubbo
2017-01-16 17:26:21,730 [myid:] - INFO  [ProcessThread(sid:0 cport:-1)::PrepRequestProcessor@645] - Got user-level KeeperException when processing sessionid:0x159a6988f770000 type:create cxid:0x38 zxid:0x13fb7 txntype:-1 reqpath:n/a Error Path:/dubbo/com.sofn.provider.dgap.TDgapResourceProvider Error:KeeperErrorCode = NodeExists for /dubbo/com.sofn.provider.dgap.TDgapResourceProvider
2017-01-16 17:26:21,827 [myid:] - INFO  [ProcessThread(sid:0 cport:-1)::PrepRequestProcessor@645] - Got user-level KeeperException when processing sessionid:0x159a6988f770000 type:create cxid:0x39 zxid:0x13fb8 txntype:-1 reqpath:n/a Error Path:/dubbo/com.sofn.provider.dgap.TDgapResourceProvider/routers Error:KeeperErrorCode = NodeExists for /dubbo/com.sofn.provider.dgap.TDgapResourceProvider/routers
