

***********************************************************************
Fatal NI connect error 12560, connecting to:
 (DESCRIPTION=(ADDRESS=(PROTOCOL=BEQ)(PROGRAM=oracle)(ARGV0=oracleorcl11g)(ARGS='(DESCRIPTION=(LOCAL=YES)(ADDRESS=(PROTOCOL=beq)))'))(CONNECT_DATA=(SID=orcl11g)(CID=(PROGRAM=d:\oracle\product\10.2.0\db_1\bin\sqlplus.exe)(HOST=ACCELLEN-1B3833)(USER=Administrator))))

  VERSION INFORMATION:
	TNS for 32-bit Windows: Version 10.2.0.1.0 - Production
	Oracle Bequeath NT Protocol Adapter for 32-bit Windows: Version 10.2.0.1.0 - Production
  Time: 19-10月-2012 18:09:06
  Tracing not turned on.
  Tns error struct:
    ns main err code: 12560
    TNS-12560: TNS: 协议适配器错误
    ns secondary err code: 0
    nt main err code: 530
    TNS-00530: 协议适配器错误
    nt secondary err code: 2
    nt OS err code: 0


***********************************************************************
Fatal NI connect error 12560, connecting to:
 (DESCRIPTION=(ADDRESS=(PROTOCOL=BEQ)(PROGRAM=oracle)(ARGV0=oracleORCL)(ARGS='(DESCRIPTION=(LOCAL=YES)(ADDRESS=(PROTOCOL=beq)))'))(CONNECT_DATA=(SID=ORCL)(CID=(PROGRAM=d:\oracle\product\10.2.0\db_1\bin\sqlplus.exe)(HOST=ACCELLEN-1B3833)(USER=Administrator))))

  VERSION INFORMATION:
	TNS for 32-bit Windows: Version 10.2.0.1.0 - Production
	Oracle Bequeath NT Protocol Adapter for 32-bit Windows: Version 10.2.0.1.0 - Production
  Time: 22-10月-2012 13:14:49
  Tracing not turned on.
  Tns error struct:
    ns main err code: 12560
    TNS-12560: TNS: 协议适配器错误
    ns secondary err code: 0
    nt main err code: 530
    TNS-00530: 协议适配器错误
    nt secondary err code: 2
    nt OS err code: 0


***********************************************************************
Fatal NI connect error 12560, connecting to:
 (DESCRIPTION=(ADDRESS=(PROTOCOL=BEQ)(PROGRAM=oracle)(ARGV0=oracleORCL)(ARGS='(DESCRIPTION=(LOCAL=YES)(ADDRESS=(PROTOCOL=beq)))'))(CONNECT_DATA=(SID=ORCL)(CID=(PROGRAM=d:\oracle\product\10.2.0\db_1\bin\sqlplus.exe)(HOST=ACCELLEN-1B3833)(USER=Administrator))))

  VERSION INFORMATION:
	TNS for 32-bit Windows: Version 10.2.0.1.0 - Production
	Oracle Bequeath NT Protocol Adapter for 32-bit Windows: Version 10.2.0.1.0 - Production
  Time: 22-10月-2012 13:14:58
  Tracing not turned on.
  Tns error struct:
    ns main err code: 12560
    TNS-12560: TNS: 协议适配器错误
    ns secondary err code: 0
    nt main err code: 530
    TNS-00530: 协议适配器错误
    nt secondary err code: 2
    nt OS err code: 0


***********************************************************************
Fatal NI connect error 12560, connecting to:
 (DESCRIPTION=(ADDRESS=(PROTOCOL=BEQ)(PROGRAM=oracle)(ARGV0=oracleORCL)(ARGS='(DESCRIPTION=(LOCAL=YES)(ADDRESS=(PROTOCOL=beq)))'))(CONNECT_DATA=(SID=ORCL)(CID=(PROGRAM=d:\oracle\product\10.2.0\db_1\bin\sqlplus.exe)(HOST=ACCELLEN-1B3833)(USER=Administrator))))

  VERSION INFORMATION:
	TNS for 32-bit Windows: Version 10.2.0.1.0 - Production
	Oracle Bequeath NT Protocol Adapter for 32-bit Windows: Version 10.2.0.1.0 - Production
  Time: 22-10月-2012 13:15:01
  Tracing not turned on.
  Tns error struct:
    ns main err code: 12560
    TNS-12560: TNS: 协议适配器错误
    ns secondary err code: 0
    nt main err code: 530
    TNS-00530: 协议适配器错误
    nt secondary err code: 2
    nt OS err code: 0


***********************************************************************
Fatal NI connect error 12560, connecting to:
 (DESCRIPTION=(ADDRESS=(PROTOCOL=BEQ)(PROGRAM=oracle)(ARGV0=oracleORCL)(ARGS='(DESCRIPTION=(LOCAL=YES)(ADDRESS=(PROTOCOL=beq)))'))(CONNECT_DATA=(SID=ORCL)(CID=(PROGRAM=d:\oracle\product\10.2.0\db_1\bin\sqlplus.exe)(HOST=ACCELLEN-1B3833)(USER=Administrator))))

  VERSION INFORMATION:
	TNS for 32-bit Windows: Version 10.2.0.1.0 - Production
	Oracle Bequeath NT Protocol Adapter for 32-bit Windows: Version 10.2.0.1.0 - Production
  Time: 22-10月-2012 13:16:09
  Tracing not turned on.
  Tns error struct:
    ns main err code: 12560
    TNS-12560: TNS: 协议适配器错误
    ns secondary err code: 0
    nt main err code: 530
    TNS-00530: 协议适配器错误
    nt secondary err code: 2
    nt OS err code: 0


***********************************************************************
Fatal NI connect error 12560, connecting to:
 (DESCRIPTION=(ADDRESS=(PROTOCOL=BEQ)(PROGRAM=oracle)(ARGV0=oracleORCL)(ARGS='(DESCRIPTION=(LOCAL=YES)(ADDRESS=(PROTOCOL=beq)))'))(CONNECT_DATA=(SID=ORCL)(CID=(PROGRAM=d:\oracle\product\10.2.0\db_1\bin\sqlplus.exe)(HOST=ACCELLEN-1B3833)(USER=Administrator))))

  VERSION INFORMATION:
	TNS for 32-bit Windows: Version 10.2.0.1.0 - Production
	Oracle Bequeath NT Protocol Adapter for 32-bit Windows: Version 10.2.0.1.0 - Production
  Time: 22-10月-2012 13:16:25
  Tracing not turned on.
  Tns error struct:
    ns main err code: 12560
    TNS-12560: TNS: 协议适配器错误
    ns secondary err code: 0
    nt main err code: 530
    TNS-00530: 协议适配器错误
    nt secondary err code: 2
    nt OS err code: 0


***********************************************************************
Fatal NI connect error 12560, connecting to:
 (DESCRIPTION=(ADDRESS=(PROTOCOL=BEQ)(PROGRAM=oracle)(ARGV0=oracleORCL)(ARGS='(DESCRIPTION=(LOCAL=YES)(ADDRESS=(PROTOCOL=beq)))'))(CONNECT_DATA=(SID=ORCL)(CID=(PROGRAM=d:\oracle\product\10.2.0\db_1\bin\rman.exe)(HOST=ACCELLEN-1B3833)(USER=Administrator))))

  VERSION INFORMATION:
	TNS for 32-bit Windows: Version 10.2.0.1.0 - Production
	Oracle Bequeath NT Protocol Adapter for 32-bit Windows: Version 10.2.0.1.0 - Production
  Time: 05-11月-2012 13:54:39
  Tracing not turned on.
  Tns error struct:
    ns main err code: 12560
    TNS-12560: TNS: 协议适配器错误
    ns secondary err code: 0
    nt main err code: 530
    TNS-00530: 协议适配器错误
    nt secondary err code: 2
    nt OS err code: 0
