do_inject():190 -- System: ver=5.1 3.0 arch=0 cpus=1 cpu_type=586 page_size=4096
do_inject():195 -- Version: 0.4.2
do_inject():196 -- DLL: E:\tools\clink_0.4.2\clink_dll_x86.dll
do_inject():198 -- Parent pid: 880
check_dll_version():50 -- DLL version: 00000004 000236dd
do_inject():268 -- Creating remote thread at 7E134020 with parameter 00A60000
set_rl_readline_name():57 -- Setting rl_readline_name to 'cmd.exe'
hook_trap_veh():118 -- VEH hit - caller is 7E125D85.
hook_jmp():364 -- Attemping jump hook.
hook_jmp():365 -- Target is kernel32.dll, ReadConsoleW @ 7C872A8C
hook_jmp_impl():277 -- Attempting to hook at 7C872A8C with 10004BDB
hook_jmp_impl():314 -- Matched prolog 8B55FF8B (mask = 0000FFFF)
hook_jmp():375 -- Success!
hook_iat():77 -- Attempting to hook IAT for module 10000000
hook_iat():78 -- Target is (null),ReadConsoleW (by_name=1)
iterate_imports():94 -- Checking imports in 'dbghelp.dll'
iterate_imports():94 -- Checking imports in 'KERNEL32.dll'
hook_iat():104 -- Found import at 1004F0F4 (value = 7E123A20)
hook_iat():77 -- Attempting to hook IAT for module 4AD00000
hook_iat():78 -- Target is (null),WriteConsoleW (by_name=1)
iterate_imports():94 -- Checking imports in 'KERNEL32.dll'
hook_iat():104 -- Found import at 4AD01160 (value = 7E1194D0)
hook_iat():77 -- Attempting to hook IAT for module 10000000
hook_iat():78 -- Target is (null),WriteConsoleW (by_name=1)
iterate_imports():94 -- Checking imports in 'dbghelp.dll'
iterate_imports():94 -- Checking imports in 'KERNEL32.dll'
hook_iat():104 -- Found import at 1004F0B8 (value = 7E1194D0)
hook_iat():77 -- Attempting to hook IAT for module 4AD00000
hook_iat():78 -- Target is (null),SetEnvironmentVariableW (by_name=1)
iterate_imports():94 -- Checking imports in 'KERNEL32.dll'
hook_iat():104 -- Found import at 4AD0110C (value = 7C81024E)
hook_iat():77 -- Attempting to hook IAT for module 10000000
hook_iat():78 -- Target is (null),SetEnvironmentVariableW (by_name=1)
iterate_imports():94 -- Checking imports in 'dbghelp.dll'
iterate_imports():94 -- Checking imports in 'KERNEL32.dll'
hook_iat():104 -- Found import at 1004F0C4 (value = 7C81024E)
