#
# A fatal error has been detected by the Java Runtime Environment:
#
#  SIGSEGV (0xb) at pc=0xb770d1d4, pid=25491, tid=3067419504
#
# JRE version: 6.0_25-b06
# Java VM: Java HotSpot(TM) Client VM (20.0-b11 mixed mode, sharing linux-x86 )
# Problematic frame:
# C  [libc.so.6+0x741d4]  short+0x14
#
# If you would like to submit a bug report, please visit:
#   http://java.sun.com/webapps/bugreport/crash.jsp
# The crash happened outside the Java Virtual Machine in native code.
# See problematic frame for where to report the bug.
#

---------------  T H R E A D  ---------------

Current thread (0x09d0ac00):  JavaThread "main" [_thread_in_native, id=25495, stack(0xb6d01000,0xb6d52000)]

siginfo:si_signo=SIGSEGV: si_errno=0, si_code=1 (SEGV_MAPERR), si_addr=0x00000005

Registers:
EAX=0x00000005, EBX=0xb409127b, ECX=0x000000e3, EDX=0x00000000
ESP=0xb6d50f00, EBP=0xb6d50f08, ESI=0x00000004, EDI=0x09dce628
EIP=0xb770d1d4, EFLAGS=0x00210246, CR2=0x00000005

Top of Stack: (sp=0xb6d50f00)
0xb6d50f00:   b6d50fd8 09d0ac00 b6d50fa8 b4089f60
0xb6d50f10:   00000005 09dce628 b6d50f84 b6d50f80
0xb6d50f20:   09d0ac00 09d0b538 00000000 09d0ac00
0xb6d50f30:   09d0ac00 00000000 b769f510 b7804568
0xb6d50f40:   00000000 077905a6 b784fff4 08048bb8
0xb6d50f50:   00000005 b6d50f90 b3f4b008 b3f4b248
0xb6d50f60:   09dce628 09dce6b0 09dce738 09dce7b8
0xb6d50f70:   00000005 08048974 b6d50f98 b77f2ff4 

Instructions: (pc=0xb770d1d4)
0xb770d1b4:   c8 3b 00 00 83 c4 0c 5b 5d c3 90 90 55 31 d2 89
0xb770d1c4:   e5 8b 45 08 57 8b 7d 0c 56 8d 70 ff 0f b6 0c 17
0xb770d1d4:   88 4c 16 01 83 c2 01 84 c9 75 f1 5e 5f 5d c3 90
0xb770d1e4:   90 90 90 90 90 90 90 90 90 90 90 90 53 e8 29 29 

Register to memory mapping:

EAX=0x00000005 is an unknown value
EBX=0xb409127b: <offset 0x927b> in /home/he/sw/android/Indigo-SR1+ADT+CDT+DLTK+ANTLR/codes/natviewer/android/useNdk/bin/jni/libvocabulary.so at 0xb4088000
ECX=0x000000e3 is an unknown value
EDX=0x00000000 is an unknown value
ESP=0xb6d50f00 is pointing into the stack for thread: 0x09d0ac00
EBP=0xb6d50f08 is pointing into the stack for thread: 0x09d0ac00
ESI=0x00000004 is an unknown value
EDI=0x09dce628 is an unknown value


Stack: [0xb6d01000,0xb6d52000],  sp=0xb6d50f00,  free space=319k
Native frames: (J=compiled Java code, j=interpreted, Vv=VM code, C=native code)
C  [libc.so.6+0x741d4]  short+0x14
C  [libvocabulary.so+0x1f60]  parseJpVoc+0xa8
C  [libvocabulary.so+0x1b6c]  Java_org_sharp_vocreader_jni_VocabularySupport_parseMp3Name+0x53
j  org.sharp.vocreader.jni.VocabularySupport.parseMp3Name(Ljava/lang/String;Lorg/sharp/vocreader/jni/beans/Vocabulary;)Z+0
j  org.sharp.vocreader.jni.Main.main([Ljava/lang/String;)V+11
v  ~StubRoutines::call_stub
V  [libjvm.so+0x24cc31]  JavaCalls::call_helper(JavaValue*, methodHandle*, JavaCallArguments*, Thread*)+0x1c1
V  [libjvm.so+0x38d0e8]  os::os_exception_wrapper(void (*)(JavaValue*, methodHandle*, JavaCallArguments*, Thread*), JavaValue*, methodHandle*, JavaCallArguments*, Thread*)+0x18
V  [libjvm.so+0x24ca5f]  JavaCalls::call(JavaValue*, methodHandle, JavaCallArguments*, Thread*)+0x2f
V  [libjvm.so+0x280fa4]  jni_invoke_static(JNIEnv_*, JavaValue*, _jobject*, JNICallType, _jmethodID*, JNI_ArgumentPusher*, Thread*)+0x124
V  [libjvm.so+0x2705cc]  unsigned+0x14c
C  [java+0x1b98]  JavaMain+0x2c8
C  [libpthread.so.0+0x5cc9]  short+0xd9

Java frames: (J=compiled Java code, j=interpreted, Vv=VM code)
j  org.sharp.vocreader.jni.VocabularySupport.parseMp3Name(Ljava/lang/String;Lorg/sharp/vocreader/jni/beans/Vocabulary;)Z+0
j  org.sharp.vocreader.jni.Main.main([Ljava/lang/String;)V+11
v  ~StubRoutines::call_stub

---------------  P R O C E S S  ---------------

Java Threads: ( => current thread )
  0x09d45000 JavaThread "Low Memory Detector" daemon [_thread_blocked, id=25501, stack(0xb432c000,0xb437d000)]
  0x09d43000 JavaThread "C1 CompilerThread0" daemon [_thread_blocked, id=25500, stack(0xb437d000,0xb43fe000)]
  0x09d41800 JavaThread "Signal Dispatcher" daemon [_thread_blocked, id=25499, stack(0xb43fe000,0xb444f000)]
  0x09d3a400 JavaThread "Finalizer" daemon [_thread_blocked, id=25498, stack(0xb47e2000,0xb4833000)]
  0x09d38c00 JavaThread "Reference Handler" daemon [_thread_blocked, id=25497, stack(0xb4833000,0xb4884000)]
=>0x09d0ac00 JavaThread "main" [_thread_in_native, id=25495, stack(0xb6d01000,0xb6d52000)]

Other Threads:
  0x09d2e800 VMThread [stack: 0xb4a50000,0xb4ad1000] [id=25496]
  0x09d51000 WatcherThread [stack: 0xb42ab000,0xb432c000] [id=25502]

VM state:not at safepoint (normal execution)

VM Mutex/Monitor currently owned by a thread: None

Heap
 def new generation   total 4928K, used 281K [0x7ee00000, 0x7f350000, 0x84350000)
  eden space 4416K,   6% used [0x7ee00000, 0x7ee46538, 0x7f250000)
  from space 512K,   0% used [0x7f250000, 0x7f250000, 0x7f2d0000)
  to   space 512K,   0% used [0x7f2d0000, 0x7f2d0000, 0x7f350000)
 tenured generation   total 10944K, used 0K [0x84350000, 0x84e00000, 0x8ee00000)
   the space 10944K,   0% used [0x84350000, 0x84350000, 0x84350200, 0x84e00000)
 compacting perm gen  total 12288K, used 33K [0x8ee00000, 0x8fa00000, 0x92e00000)
   the space 12288K,   0% used [0x8ee00000, 0x8ee08608, 0x8ee08800, 0x8fa00000)
    ro space 10240K,  61% used [0x92e00000, 0x934299f0, 0x93429a00, 0x93800000)
    rw space 12288K,  60% used [0x93800000, 0x93f3c800, 0x93f3c800, 0x94400000)

Code Cache  [0xb4c7b000, 0xb4cf3000, 0xb6c7b000)
 total_blobs=128 nmethods=7 adapters=58 free_code_cache=33076928 largest_free_block=64

Dynamic libraries:
08048000-08052000 r-xp 00000000 08:01 927274     /home/he/sw/jdk-6u25/jdk1.6.0_25/jre/bin/java
08052000-08053000 rwxp 00009000 08:01 927274     /home/he/sw/jdk-6u25/jdk1.6.0_25/jre/bin/java
09d05000-09df7000 rwxp 00000000 00:00 0          [heap]
7ee00000-7f350000 rwxp 00000000 00:00 0 
7f350000-84350000 rwxp 00000000 00:00 0 
84350000-84e00000 rwxp 00000000 00:00 0 
84e00000-8ee00000 rwxp 00000000 00:00 0 
8ee00000-8fa00000 rwxp 00000000 00:00 0 
8fa00000-92e00000 rwxp 00000000 00:00 0 
92e00000-9342a000 r-xs 00001000 08:01 1187156    /home/he/sw/jdk-6u25/jdk1.6.0_25/jre/lib/i386/client/classes.jsa
9342a000-93800000 rwxp 00000000 00:00 0 
93800000-93f3d000 rwxp 0062b000 08:01 1187156    /home/he/sw/jdk-6u25/jdk1.6.0_25/jre/lib/i386/client/classes.jsa
93f3d000-94400000 rwxp 00000000 00:00 0 
94400000-944e2000 rwxp 00d68000 08:01 1187156    /home/he/sw/jdk-6u25/jdk1.6.0_25/jre/lib/i386/client/classes.jsa
944e2000-94800000 rwxp 00000000 00:00 0 
94800000-94808000 r-xs 00e4a000 08:01 1187156    /home/he/sw/jdk-6u25/jdk1.6.0_25/jre/lib/i386/client/classes.jsa
94808000-94c00000 rwxp 00000000 00:00 0 
b3f4b000-b3f70000 rwxp 00000000 00:00 0 
b3f70000-b3f8a000 r-xp 00000000 08:01 1441871    /lib/libgcc_s.so.1
b3f8a000-b3f8b000 r-xp 00019000 08:01 1441871    /lib/libgcc_s.so.1
b3f8b000-b3f8c000 rwxp 0001a000 08:01 1441871    /lib/libgcc_s.so.1
b3f8c000-b406b000 r-xp 00000000 08:01 134897     /usr/lib/libstdc++.so.6.0.14
b406b000-b406f000 r-xp 000de000 08:01 134897     /usr/lib/libstdc++.so.6.0.14
b406f000-b4070000 rwxp 000e2000 08:01 134897     /usr/lib/libstdc++.so.6.0.14
b4070000-b4077000 rwxp 00000000 00:00 0 
b4088000-b4291000 r-xp 00000000 08:01 1203257    /home/he/sw/android/Indigo-SR1+ADT+CDT+DLTK+ANTLR/codes/natviewer/android/useNdk/bin/jni/libvocabulary.so
b4291000-b4292000 r-xp 00208000 08:01 1203257    /home/he/sw/android/Indigo-SR1+ADT+CDT+DLTK+ANTLR/codes/natviewer/android/useNdk/bin/jni/libvocabulary.so
b4292000-b4293000 rwxp 00209000 08:01 1203257    /home/he/sw/android/Indigo-SR1+ADT+CDT+DLTK+ANTLR/codes/natviewer/android/useNdk/bin/jni/libvocabulary.so
b4293000-b42a9000 r-xp 00000000 08:01 1203258    /home/he/sw/android/Indigo-SR1+ADT+CDT+DLTK+ANTLR/codes/natviewer/android/useNdk/bin/jni/libantlr3c.so
b42a9000-b42aa000 r-xp 00015000 08:01 1203258    /home/he/sw/android/Indigo-SR1+ADT+CDT+DLTK+ANTLR/codes/natviewer/android/useNdk/bin/jni/libantlr3c.so
b42aa000-b42ab000 rwxp 00016000 08:01 1203258    /home/he/sw/android/Indigo-SR1+ADT+CDT+DLTK+ANTLR/codes/natviewer/android/useNdk/bin/jni/libantlr3c.so
b42ab000-b42ac000 ---p 00000000 00:00 0 
b42ac000-b432c000 rwxp 00000000 00:00 0 
b432c000-b432f000 ---p 00000000 00:00 0 
b432f000-b437d000 rwxp 00000000 00:00 0 
b437d000-b4380000 ---p 00000000 00:00 0 
b4380000-b43fe000 rwxp 00000000 00:00 0 
b43fe000-b4401000 ---p 00000000 00:00 0 
b4401000-b444f000 rwxp 00000000 00:00 0 
b444f000-b45e2000 r-xp 0069a000 08:01 138489     /usr/lib/locale/locale-archive
b45e2000-b47e2000 r-xp 00000000 08:01 138489     /usr/lib/locale/locale-archive
b47e2000-b47e5000 ---p 00000000 00:00 0 
b47e5000-b4833000 rwxp 00000000 00:00 0 
b4833000-b4836000 ---p 00000000 00:00 0 
b4836000-b48b8000 rwxp 00000000 00:00 0 
b48b8000-b4a50000 r-xs 0302a000 08:01 929103     /home/he/sw/jdk-6u25/jdk1.6.0_25/jre/lib/rt.jar
b4a50000-b4a51000 ---p 00000000 00:00 0 
b4a51000-b4adf000 rwxp 00000000 00:00 0 
b4adf000-b4af9000 rwxp 00000000 00:00 0 
b4af9000-b4aff000 rwxp 00000000 00:00 0 
b4aff000-b4b4f000 rwxp 00000000 00:00 0 
b4b4f000-b4b52000 rwxp 00000000 00:00 0 
b4b52000-b4b79000 rwxp 00000000 00:00 0 
b4b79000-b4b7f000 rwxp 00000000 00:00 0 
b4b7f000-b4bcf000 rwxp 00000000 00:00 0 
b4bcf000-b4bd5000 rwxp 00000000 00:00 0 
b4bd5000-b4bef000 rwxp 00000000 00:00 0 
b4bef000-b4bfd000 rwxp 00000000 00:00 0 
b4bfd000-b4c7b000 rwxp 00000000 00:00 0 
b4c7b000-b4cf3000 rwxp 00000000 00:00 0 
b4cf3000-b6c7b000 rwxp 00000000 00:00 0 
b6c7b000-b6c8a000 r-xp 00000000 08:01 928806     /home/he/sw/jdk-6u25/jdk1.6.0_25/jre/lib/i386/libzip.so
b6c8a000-b6c8c000 rwxp 0000e000 08:01 928806     /home/he/sw/jdk-6u25/jdk1.6.0_25/jre/lib/i386/libzip.so
b6c8c000-b6c96000 r-xp 00000000 08:01 1441903    /lib/libnss_files-2.12.1.so
b6c96000-b6c97000 r-xp 00009000 08:01 1441903    /lib/libnss_files-2.12.1.so
b6c97000-b6c98000 rwxp 0000a000 08:01 1441903    /lib/libnss_files-2.12.1.so
b6c98000-b6ca1000 r-xp 00000000 08:01 1441913    /lib/libnss_nis-2.12.1.so
b6ca1000-b6ca2000 r-xp 00008000 08:01 1441913    /lib/libnss_nis-2.12.1.so
b6ca2000-b6ca3000 rwxp 00009000 08:01 1441913    /lib/libnss_nis-2.12.1.so
b6ca3000-b6ca9000 r-xp 00000000 08:01 1441899    /lib/libnss_compat-2.12.1.so
b6ca9000-b6caa000 r-xp 00006000 08:01 1441899    /lib/libnss_compat-2.12.1.so
b6caa000-b6cab000 rwxp 00007000 08:01 1441899    /lib/libnss_compat-2.12.1.so
b6cab000-b6cbe000 r-xp 00000000 08:01 1441897    /lib/libnsl-2.12.1.so
b6cbe000-b6cbf000 r-xp 00012000 08:01 1441897    /lib/libnsl-2.12.1.so
b6cbf000-b6cc0000 rwxp 00013000 08:01 1441897    /lib/libnsl-2.12.1.so
b6cc0000-b6cc2000 rwxp 00000000 00:00 0 
b6cc5000-b6ccb000 rwxp 00000000 00:00 0 
b6ccb000-b6cd3000 rwxs 00000000 08:01 2366326    /tmp/hsperfdata_he/25491
b6cd3000-b6cf6000 r-xp 00000000 08:01 928804     /home/he/sw/jdk-6u25/jdk1.6.0_25/jre/lib/i386/libjava.so
b6cf6000-b6cf8000 rwxp 00023000 08:01 928804     /home/he/sw/jdk-6u25/jdk1.6.0_25/jre/lib/i386/libjava.so
b6cf8000-b6cff000 r-xp 00000000 08:01 1441951    /lib/librt-2.12.1.so
b6cff000-b6d00000 r-xp 00006000 08:01 1441951    /lib/librt-2.12.1.so
b6d00000-b6d01000 rwxp 00007000 08:01 1441951    /lib/librt-2.12.1.so
b6d01000-b6d04000 ---p 00000000 00:00 0 
b6d04000-b6d52000 rwxp 00000000 00:00 0 
b6d52000-b6d76000 r-xp 00000000 08:01 1441886    /lib/libm-2.12.1.so
b6d76000-b6d77000 r-xp 00023000 08:01 1441886    /lib/libm-2.12.1.so
b6d77000-b6d78000 rwxp 00024000 08:01 1441886    /lib/libm-2.12.1.so
b6d78000-b7259000 r-xp 00000000 08:01 1185172    /home/he/sw/jdk-6u25/jdk1.6.0_25/jre/lib/i386/client/libjvm.so
b7259000-b727c000 rwxp 004e1000 08:01 1185172    /home/he/sw/jdk-6u25/jdk1.6.0_25/jre/lib/i386/client/libjvm.so
b727c000-b7699000 rwxp 00000000 00:00 0 
b7699000-b77f0000 r-xp 00000000 08:01 1441837    /lib/libc-2.12.1.so
b77f0000-b77f1000 ---p 00157000 08:01 1441837    /lib/libc-2.12.1.so
b77f1000-b77f3000 r-xp 00157000 08:01 1441837    /lib/libc-2.12.1.so
b77f3000-b77f4000 rwxp 00159000 08:01 1441837    /lib/libc-2.12.1.so
b77f4000-b77f7000 rwxp 00000000 00:00 0 
b77f7000-b77f9000 r-xp 00000000 08:01 1441851    /lib/libdl-2.12.1.so
b77f9000-b77fa000 r-xp 00001000 08:01 1441851    /lib/libdl-2.12.1.so
b77fa000-b77fb000 rwxp 00002000 08:01 1441851    /lib/libdl-2.12.1.so
b77fb000-b7802000 r-xp 00000000 08:01 1315722    /home/he/sw/jdk-6u25/jdk1.6.0_25/jre/lib/i386/jli/libjli.so
b7802000-b7804000 rwxp 00006000 08:01 1315722    /home/he/sw/jdk-6u25/jdk1.6.0_25/jre/lib/i386/jli/libjli.so
b7804000-b7805000 rwxp 00000000 00:00 0 
b7805000-b781a000 r-xp 00000000 08:01 1441945    /lib/libpthread-2.12.1.so
b781a000-b781b000 ---p 00015000 08:01 1441945    /lib/libpthread-2.12.1.so
b781b000-b781c000 r-xp 00015000 08:01 1441945    /lib/libpthread-2.12.1.so
b781c000-b781d000 rwxp 00016000 08:01 1441945    /lib/libpthread-2.12.1.so
b781d000-b781f000 rwxp 00000000 00:00 0 
b7821000-b7823000 rwxp 00000000 00:00 0 
b7823000-b7824000 r-xp 00000000 00:00 0 
b7824000-b782f000 r-xp 00000000 08:01 928803     /home/he/sw/jdk-6u25/jdk1.6.0_25/jre/lib/i386/libverify.so
b782f000-b7830000 rwxp 0000b000 08:01 928803     /home/he/sw/jdk-6u25/jdk1.6.0_25/jre/lib/i386/libverify.so
b7830000-b7832000 rwxp 00000000 00:00 0 
b7832000-b7833000 r-xp 00000000 00:00 0          [vdso]
b7833000-b784f000 r-xp 00000000 08:01 1441813    /lib/ld-2.12.1.so
b784f000-b7850000 r-xp 0001b000 08:01 1441813    /lib/ld-2.12.1.so
b7850000-b7851000 rwxp 0001c000 08:01 1441813    /lib/ld-2.12.1.so
bffd1000-bfff2000 rwxp 00000000 00:00 0          [stack]

VM Arguments:
jvm_args: -Djava.library.path=/home/he/sw/android/Indigo-SR1+ADT+CDT+DLTK+ANTLR/codes/natviewer/android/useNdk/bin/jni 
java_command: org.sharp.vocreader.jni.Main
Launcher Type: SUN_STANDARD

Environment Variables:
JAVA_HOME=/home/he/sw/jdk-6u25/jdk1.6.0_25
PATH=/media/sf_VMshare/java/tools/ant/apache-ant-1.8.2/bin:/var/lib/gems/1.8/bin:/home/he/sw/jdk-6u25/jdk1.6.0_25/bin:/usr/local/sbin:/usr/local/bin:/usr/sbin:/usr/bin:/sbin:/bin:/usr/games
USERNAME=he
LD_LIBRARY_PATH=/home/he/sw/jdk-6u25/jdk1.6.0_25/jre/lib/i386/client:/home/he/sw/jdk-6u25/jdk1.6.0_25/jre/lib/i386:/home/he/sw/jdk-6u25/jdk1.6.0_25/jre/../lib/i386
SHELL=/bin/bash
DISPLAY=:0.0

Signal Handlers:
SIGSEGV: [libjvm.so+0x469d20], sa_mask[0]=0x7ffbfeff, sa_flags=0x10000004
SIGBUS: [libjvm.so+0x469d20], sa_mask[0]=0x7ffbfeff, sa_flags=0x10000004
SIGFPE: [libjvm.so+0x38bd70], sa_mask[0]=0x7ffbfeff, sa_flags=0x10000004
SIGPIPE: [libjvm.so+0x38bd70], sa_mask[0]=0x7ffbfeff, sa_flags=0x10000004
SIGXFSZ: [libjvm.so+0x38bd70], sa_mask[0]=0x7ffbfeff, sa_flags=0x10000004
SIGILL: [libjvm.so+0x38bd70], sa_mask[0]=0x7ffbfeff, sa_flags=0x10000004
SIGUSR1: SIG_DFL, sa_mask[0]=0x00000000, sa_flags=0x00000000
SIGUSR2: [libjvm.so+0x38efb0], sa_mask[0]=0x00000004, sa_flags=0x10000004
SIGHUP: [libjvm.so+0x38eb90], sa_mask[0]=0x7ffbfeff, sa_flags=0x10000004
SIGINT: [libjvm.so+0x38eb90], sa_mask[0]=0x7ffbfeff, sa_flags=0x10000004
SIGTERM: [libjvm.so+0x38eb90], sa_mask[0]=0x7ffbfeff, sa_flags=0x10000004
SIGQUIT: [libjvm.so+0x38eb90], sa_mask[0]=0x7ffbfeff, sa_flags=0x10000004


---------------  S Y S T E M  ---------------

OS:squeeze/sid

uname:Linux 2.6.35-22-generic #33-Ubuntu SMP Sun Sep 19 20:34:50 UTC 2010 i686
libc:glibc 2.12.1 NPTL 2.12.1 
rlimit: STACK 8192k, CORE 0k, NPROC infinity, NOFILE 1024, AS infinity
load average:1.49 1.26 1.22

/proc/meminfo:
MemTotal:        2060956 kB
MemFree:           72356 kB
Buffers:          144692 kB
Cached:           326708 kB
SwapCached:         2820 kB
Active:          1173044 kB
Inactive:         722520 kB
Active(anon):     919280 kB
Inactive(anon):   511500 kB
Active(file):     253764 kB
Inactive(file):   211020 kB
Unevictable:           0 kB
Mlocked:               0 kB
HighTotal:       1187784 kB
HighFree:           1724 kB
LowTotal:         873172 kB
LowFree:           70632 kB
SwapTotal:       1776636 kB
SwapFree:        1760256 kB
Dirty:              4868 kB
Writeback:             0 kB
AnonPages:       1421584 kB
Mapped:            94932 kB
Shmem:              6616 kB
Slab:              74080 kB
SReclaimable:      64008 kB
SUnreclaim:        10072 kB
KernelStack:        2736 kB
PageTables:         7664 kB
NFS_Unstable:          0 kB
Bounce:                0 kB
WritebackTmp:          0 kB
CommitLimit:     2807112 kB
Committed_AS:    2477996 kB
VmallocTotal:     122880 kB
VmallocUsed:       31108 kB
VmallocChunk:      86852 kB
HardwareCorrupted:     0 kB
HugePages_Total:       0
HugePages_Free:        0
HugePages_Rsvd:        0
HugePages_Surp:        0
Hugepagesize:       4096 kB
DirectMap4k:       12280 kB
DirectMap4M:      897024 kB


CPU:total 1 (1 cores per cpu, 1 threads per core) family 6 model 23 stepping 10, cmov, cx8, fxsr, mmx, sse, sse2, sse3, ssse3

/proc/cpuinfo:
processor	: 0
vendor_id	: GenuineIntel
cpu family	: 6
model		: 23
model name	: Intel(R) Core(TM)2 Quad CPU    Q8300  @ 2.50GHz
stepping	: 10
cpu MHz		: 2395.473
cache size	: 6144 KB
fdiv_bug	: no
hlt_bug		: no
f00f_bug	: no
coma_bug	: no
fpu		: yes
fpu_exception	: yes
cpuid level	: 5
wp		: yes
flags		: fpu vme de pse tsc msr pae mce cx8 apic mtrr pge mca cmov pat pse36 clflush mmx fxsr sse sse2 syscall nx lm constant_tsc up pni monitor ssse3 lahf_lm
bogomips	: 4790.94
clflush size	: 64
cache_alignment	: 64
address sizes	: 36 bits physical, 48 bits virtual
power management:



Memory: 4k page, physical 2060956k(72356k free), swap 1776636k(1760256k free)

vm_info: Java HotSpot(TM) Client VM (20.0-b11) for linux-x86 JRE (1.6.0_25-b06), built on Apr 14 2011 01:32:00 by "java_re" with gcc 3.2.1-7a (J2SE release)

time: Fri Mar  9 21:42:24 2012
elapsed time: 0 seconds

