The target system is: Darwin - 1 - 
The host system is: Darwin - 12.5.0 - x86_64
Compiling the C compiler identification source file "CMakeCCompilerId.c" succeeded.
Compiler: /Applications/Xcode.app/Contents/Developer/Toolchains/XcodeDefault.xctoolchain/usr/bin/clang 
Build flags: 
Id flags: 

The output was:
0
=== BUILD TARGET CompilerIdC OF PROJECT CompilerIdC WITH THE DEFAULT CONFIGURATION (Debug) ===

Check dependencies

CompileC ./CompilerIdC.build/Debug/CompilerIdC.build/Objects-normal/i386/CMakeCCompilerId.o CMakeCCompilerId.c normal i386 c com.apple.compilers.llvm.clang.1_0.compiler
    cd /Users/he/work/codes-repo/github/codes/c/crossword/xcode/ios/CMakeFiles/3.0.1/CompilerIdC
    setenv LANG en_US.US-ASCII
    /Applications/Xcode.app/Contents/Developer/Toolchains/XcodeDefault.xctoolchain/usr/bin/clang -x c -arch i386 -fmessage-length=0 -fdiagnostics-show-note-include-stack -fmacro-backtrace-limit=0 -Wno-trigraphs -fpascal-strings -Os -Wno-missing-field-initializers -Wno-missing-prototypes -Wno-return-type -Wno-missing-braces -Wparentheses -Wswitch -Wno-unused-function -Wno-unused-label -Wno-unused-parameter -Wno-unused-variable -Wunused-value -Wno-empty-body -Wno-uninitialized -Wno-unknown-pragmas -Wno-shadow -Wno-four-char-constants -Wno-conversion -Wno-constant-conversion -Wno-int-conversion -Wno-bool-conversion -Wno-enum-conversion -Wno-shorten-64-to-32 -Wpointer-sign -Wno-newline-eof -isysroot /Applications/Xcode.app/Contents/Developer/Platforms/MacOSX.platform/Developer/SDKs/MacOSX10.9.sdk -fasm-blocks -fstrict-aliasing -Wdeprecated-declarations -mmacosx-version-min=10.9 -g -fvisibility=hidden -Wno-sign-conversion -I/Users/he/work/codes-repo/github/codes/c/crossword/xcode/ios/CMakeFiles/3.0.1/CompilerIdC/./CompilerIdC.build/Debug/CompilerIdC.build/CompilerIdC.hmap -I/Users/he/work/codes-repo/github/codes/c/crossword/xcode/ios/CMakeFiles/3.0.1/CompilerIdC/include -I/Applications/Xcode.app/Contents/Developer/Toolchains/XcodeDefault.xctoolchain/usr/include -I/Users/he/work/codes-repo/github/codes/c/crossword/xcode/ios/CMakeFiles/3.0.1/CompilerIdC/./CompilerIdC.build/Debug/CompilerIdC.build/DerivedSources/i386 -I/Users/he/work/codes-repo/github/codes/c/crossword/xcode/ios/CMakeFiles/3.0.1/CompilerIdC/./CompilerIdC.build/Debug/CompilerIdC.build/DerivedSources -F/Users/he/work/codes-repo/github/codes/c/crossword/xcode/ios/CMakeFiles/3.0.1/CompilerIdC -MMD -MT dependencies -MF /Users/he/work/codes-repo/github/codes/c/crossword/xcode/ios/CMakeFiles/3.0.1/CompilerIdC/./CompilerIdC.build/Debug/CompilerIdC.build/Objects-normal/i386/CMakeCCompilerId.d --serialize-diagnostics /Users/he/work/codes-repo/github/codes/c/crossword/xcode/ios/CMakeFiles/3.0.1/CompilerIdC/./CompilerIdC.build/Debug/CompilerIdC.build/Objects-normal/i386/CMakeCCompilerId.dia -c /Users/he/work/codes-repo/github/codes/c/crossword/xcode/ios/CMakeFiles/3.0.1/CompilerIdC/CMakeCCompilerId.c -o /Users/he/work/codes-repo/github/codes/c/crossword/xcode/ios/CMakeFiles/3.0.1/CompilerIdC/CompilerIdC.build/Debug/CompilerIdC.build/Objects-normal/i386/CMakeCCompilerId.o

Ld ./CompilerIdC normal i386
    cd /Users/he/work/codes-repo/github/codes/c/crossword/xcode/ios/CMakeFiles/3.0.1/CompilerIdC
    setenv MACOSX_DEPLOYMENT_TARGET 10.9
    /Applications/Xcode.app/Contents/Developer/Toolchains/XcodeDefault.xctoolchain/usr/bin/clang -arch i386 -isysroot /Applications/Xcode.app/Contents/Developer/Platforms/MacOSX.platform/Developer/SDKs/MacOSX10.9.sdk -L/Users/he/work/codes-repo/github/codes/c/crossword/xcode/ios/CMakeFiles/3.0.1/CompilerIdC -F/Users/he/work/codes-repo/github/codes/c/crossword/xcode/ios/CMakeFiles/3.0.1/CompilerIdC -filelist /Users/he/work/codes-repo/github/codes/c/crossword/xcode/ios/CMakeFiles/3.0.1/CompilerIdC/./CompilerIdC.build/Debug/CompilerIdC.build/Objects-normal/i386/CompilerIdC.LinkFileList -mmacosx-version-min=10.9 -Xlinker -dependency_info -Xlinker /Users/he/work/codes-repo/github/codes/c/crossword/xcode/ios/CMakeFiles/3.0.1/CompilerIdC/./CompilerIdC.build/Debug/CompilerIdC.build/Objects-normal/i386/CompilerIdC_dependency_info.dat -o /Users/he/work/codes-repo/github/codes/c/crossword/xcode/ios/CMakeFiles/3.0.1/CompilerIdC/./CompilerIdC

PhaseScriptExecution Run\ Script ./CompilerIdC.build/Debug/CompilerIdC.build/Script-2C8FEB8E15DC1A1A00E56A5D.sh
    cd /Users/he/work/codes-repo/github/codes/c/crossword/xcode/ios/CMakeFiles/3.0.1/CompilerIdC
    /bin/sh -c /Users/he/work/codes-repo/github/codes/c/crossword/xcode/ios/CMakeFiles/3.0.1/CompilerIdC/./CompilerIdC.build/Debug/CompilerIdC.build/Script-2C8FEB8E15DC1A1A00E56A5D.sh
GCC_VERSION=com.apple.compilers.llvm.clang.1_0

** BUILD SUCCEEDED **



Compilation of the C compiler identification source "CMakeCCompilerId.c" produced "CompilerIdC"

The C compiler identification is AppleClang, found in "/Users/he/work/codes-repo/github/codes/c/crossword/xcode/ios/CMakeFiles/3.0.1/CompilerIdC/CompilerIdC"

Compiling the CXX compiler identification source file "CMakeCXXCompilerId.cpp" succeeded.
Compiler: /Applications/Xcode.app/Contents/Developer/Toolchains/XcodeDefault.xctoolchain/usr/bin/clang++ 
Build flags: 
Id flags: 

The output was:
0
=== BUILD TARGET CompilerIdCXX OF PROJECT CompilerIdCXX WITH THE DEFAULT CONFIGURATION (Debug) ===

Check dependencies

CompileC ./CompilerIdCXX.build/Debug/CompilerIdCXX.build/Objects-normal/i386/CMakeCXXCompilerId.o CMakeCXXCompilerId.cpp normal i386 c++ com.apple.compilers.llvm.clang.1_0.compiler
    cd /Users/he/work/codes-repo/github/codes/c/crossword/xcode/ios/CMakeFiles/3.0.1/CompilerIdCXX
    setenv LANG en_US.US-ASCII
    /Applications/Xcode.app/Contents/Developer/Toolchains/XcodeDefault.xctoolchain/usr/bin/clang -x c++ -arch i386 -fmessage-length=0 -fdiagnostics-show-note-include-stack -fmacro-backtrace-limit=0 -Wno-trigraphs -fpascal-strings -Os -Wno-missing-field-initializers -Wno-missing-prototypes -Wno-return-type -Wno-non-virtual-dtor -Wno-overloaded-virtual -Wno-exit-time-destructors -Wno-missing-braces -Wparentheses -Wswitch -Wno-unused-function -Wno-unused-label -Wno-unused-parameter -Wno-unused-variable -Wunused-value -Wno-empty-body -Wno-uninitialized -Wno-unknown-pragmas -Wno-shadow -Wno-four-char-constants -Wno-conversion -Wno-constant-conversion -Wno-int-conversion -Wno-bool-conversion -Wno-enum-conversion -Wno-shorten-64-to-32 -Wno-newline-eof -Wno-c++11-extensions -isysroot /Applications/Xcode.app/Contents/Developer/Platforms/MacOSX.platform/Developer/SDKs/MacOSX10.9.sdk -fasm-blocks -fstrict-aliasing -Wdeprecated-declarations -Winvalid-offsetof -mmacosx-version-min=10.9 -g -fvisibility=hidden -fvisibility-inlines-hidden -Wno-sign-conversion -I/Users/he/work/codes-repo/github/codes/c/crossword/xcode/ios/CMakeFiles/3.0.1/CompilerIdCXX/./CompilerIdCXX.build/Debug/CompilerIdCXX.build/CompilerIdCXX.hmap -I/Users/he/work/codes-repo/github/codes/c/crossword/xcode/ios/CMakeFiles/3.0.1/CompilerIdCXX/include -I/Applications/Xcode.app/Contents/Developer/Toolchains/XcodeDefault.xctoolchain/usr/include -I/Users/he/work/codes-repo/github/codes/c/crossword/xcode/ios/CMakeFiles/3.0.1/CompilerIdCXX/./CompilerIdCXX.build/Debug/CompilerIdCXX.build/DerivedSources/i386 -I/Users/he/work/codes-repo/github/codes/c/crossword/xcode/ios/CMakeFiles/3.0.1/CompilerIdCXX/./CompilerIdCXX.build/Debug/CompilerIdCXX.build/DerivedSources -F/Users/he/work/codes-repo/github/codes/c/crossword/xcode/ios/CMakeFiles/3.0.1/CompilerIdCXX -MMD -MT dependencies -MF /Users/he/work/codes-repo/github/codes/c/crossword/xcode/ios/CMakeFiles/3.0.1/CompilerIdCXX/./CompilerIdCXX.build/Debug/CompilerIdCXX.build/Objects-normal/i386/CMakeCXXCompilerId.d --serialize-diagnostics /Users/he/work/codes-repo/github/codes/c/crossword/xcode/ios/CMakeFiles/3.0.1/CompilerIdCXX/./CompilerIdCXX.build/Debug/CompilerIdCXX.build/Objects-normal/i386/CMakeCXXCompilerId.dia -c /Users/he/work/codes-repo/github/codes/c/crossword/xcode/ios/CMakeFiles/3.0.1/CompilerIdCXX/CMakeCXXCompilerId.cpp -o /Users/he/work/codes-repo/github/codes/c/crossword/xcode/ios/CMakeFiles/3.0.1/CompilerIdCXX/CompilerIdCXX.build/Debug/CompilerIdCXX.build/Objects-normal/i386/CMakeCXXCompilerId.o

Ld ./CompilerIdCXX normal i386
    cd /Users/he/work/codes-repo/github/codes/c/crossword/xcode/ios/CMakeFiles/3.0.1/CompilerIdCXX
    setenv MACOSX_DEPLOYMENT_TARGET 10.9
    /Applications/Xcode.app/Contents/Developer/Toolchains/XcodeDefault.xctoolchain/usr/bin/clang++ -arch i386 -isysroot /Applications/Xcode.app/Contents/Developer/Platforms/MacOSX.platform/Developer/SDKs/MacOSX10.9.sdk -L/Users/he/work/codes-repo/github/codes/c/crossword/xcode/ios/CMakeFiles/3.0.1/CompilerIdCXX -F/Users/he/work/codes-repo/github/codes/c/crossword/xcode/ios/CMakeFiles/3.0.1/CompilerIdCXX -filelist /Users/he/work/codes-repo/github/codes/c/crossword/xcode/ios/CMakeFiles/3.0.1/CompilerIdCXX/./CompilerIdCXX.build/Debug/CompilerIdCXX.build/Objects-normal/i386/CompilerIdCXX.LinkFileList -mmacosx-version-min=10.9 -Xlinker -dependency_info -Xlinker /Users/he/work/codes-repo/github/codes/c/crossword/xcode/ios/CMakeFiles/3.0.1/CompilerIdCXX/./CompilerIdCXX.build/Debug/CompilerIdCXX.build/Objects-normal/i386/CompilerIdCXX_dependency_info.dat -o /Users/he/work/codes-repo/github/codes/c/crossword/xcode/ios/CMakeFiles/3.0.1/CompilerIdCXX/./CompilerIdCXX

PhaseScriptExecution Run\ Script ./CompilerIdCXX.build/Debug/CompilerIdCXX.build/Script-2C8FEB8E15DC1A1A00E56A5D.sh
    cd /Users/he/work/codes-repo/github/codes/c/crossword/xcode/ios/CMakeFiles/3.0.1/CompilerIdCXX
    /bin/sh -c /Users/he/work/codes-repo/github/codes/c/crossword/xcode/ios/CMakeFiles/3.0.1/CompilerIdCXX/./CompilerIdCXX.build/Debug/CompilerIdCXX.build/Script-2C8FEB8E15DC1A1A00E56A5D.sh
GCC_VERSION=com.apple.compilers.llvm.clang.1_0

** BUILD SUCCEEDED **



Compilation of the CXX compiler identification source "CMakeCXXCompilerId.cpp" produced "CompilerIdCXX"

The CXX compiler identification is AppleClang, found in "/Users/he/work/codes-repo/github/codes/c/crossword/xcode/ios/CMakeFiles/3.0.1/CompilerIdCXX/CompilerIdCXX"

Determining if files pthread.h exist passed with the following output:
Change Dir: /Users/he/work/codes-repo/github/codes/c/crossword/xcode/ios/CMakeFiles/CMakeTmp

Run Build Command:"/opt/local/bin/cmakexbuild" "-project" "CMAKE_TRY_COMPILE.xcodeproj" "build" "-target" "cmTryCompileExec2149764728" "-configuration" "Debug"
=== BUILD TARGET cmTryCompileExec2149764728 OF PROJECT CMAKE_TRY_COMPILE WITH CONFIGURATION Debug ===

Check dependencies

Create product structure
/bin/mkdir -p /Users/he/work/codes-repo/github/codes/c/crossword/xcode/ios/CMakeFiles/CMakeTmp/Debug/cmTryCompileExec2149764728.app

ProcessInfoPlistFile Debug/cmTryCompileExec2149764728.app/Info.plist CMakeFiles/cmTryCompileExec2149764728.dir/Info.plist
    cd /Users/he/work/codes-repo/github/codes/c/crossword/xcode/ios/CMakeFiles/CMakeTmp
    builtin-infoPlistUtility /Users/he/work/codes-repo/github/codes/c/crossword/xcode/ios/CMakeFiles/CMakeTmp/CMakeFiles/cmTryCompileExec2149764728.dir/Info.plist -genpkginfo /Users/he/work/codes-repo/github/codes/c/crossword/xcode/ios/CMakeFiles/CMakeTmp/Debug/cmTryCompileExec2149764728.app/PkgInfo -expandbuildsettings -format binary -platform iphonesimulator -o /Users/he/work/codes-repo/github/codes/c/crossword/xcode/ios/CMakeFiles/CMakeTmp/Debug/cmTryCompileExec2149764728.app/Info.plist

CompileC CMAKE_TRY_COMPILE.build/Debug-iphonesimulator/cmTryCompileExec2149764728.build/Objects-normal/i386/CheckIncludeFiles.o CheckIncludeFiles.c normal i386 c com.apple.compilers.llvm.clang.1_0.compiler
    cd /Users/he/work/codes-repo/github/codes/c/crossword/xcode/ios/CMakeFiles/CMakeTmp
    /Applications/Xcode.app/Contents/Developer/Toolchains/XcodeDefault.xctoolchain/usr/bin/clang -x c -arch i386 -fmessage-length=0 -fdiagnostics-show-note-include-stack -fmacro-backtrace-limit=0 -Wno-trigraphs -fpascal-strings -O0 -Wno-missing-field-initializers -Wno-missing-prototypes -Wno-return-type -Wno-missing-braces -Wparentheses -Wswitch -Wno-unused-function -Wno-unused-label -Wno-unused-parameter -Wno-unused-variable -Wunused-value -Wno-empty-body -Wno-uninitialized -Wno-unknown-pragmas -Wno-shadow -Wno-four-char-constants -Wno-conversion -Wno-constant-conversion -Wno-int-conversion -Wno-bool-conversion -Wno-enum-conversion -Wno-shorten-64-to-32 -Wpointer-sign -Wno-newline-eof -DCMAKE_INTDIR=\"Debug-iphonesimulator\" -isysroot /Applications/Xcode.app/Contents/Developer/Platforms/iPhoneSimulator.platform/Developer/SDKs/iPhoneSimulator7.0.sdk -fexceptions -fasm-blocks -fstrict-aliasing -Wdeprecated-declarations -g -Wno-sign-conversion -mios-simulator-version-min=7.0 -I/Users/he/work/codes-repo/github/codes/c/crossword/xcode/ios/CMakeFiles/CMakeTmp/Debug/include -I/Applications/Xcode.app/Contents/Developer/Toolchains/XcodeDefault.xctoolchain/usr/include -I/Users/he/work/codes-repo/github/codes/c/crossword/xcode/ios/CMakeFiles/CMakeTmp/CMAKE_TRY_COMPILE.build/Debug-iphonesimulator/cmTryCompileExec2149764728.build/DerivedSources/i386 -I/Users/he/work/codes-repo/github/codes/c/crossword/xcode/ios/CMakeFiles/CMakeTmp/CMAKE_TRY_COMPILE.build/Debug-iphonesimulator/cmTryCompileExec2149764728.build/DerivedSources -Wmost -Wno-four-char-constants -Wno-unknown-pragmas -F/Users/he/work/codes-repo/github/codes/c/crossword/xcode/ios/CMakeFiles/CMakeTmp/Debug -MMD -MT dependencies -MF /Users/he/work/codes-repo/github/codes/c/crossword/xcode/ios/CMakeFiles/CMakeTmp/CMAKE_TRY_COMPILE.build/Debug-iphonesimulator/cmTryCompileExec2149764728.build/Objects-normal/i386/CheckIncludeFiles.d --serialize-diagnostics /Users/he/work/codes-repo/github/codes/c/crossword/xcode/ios/CMakeFiles/CMakeTmp/CMAKE_TRY_COMPILE.build/Debug-iphonesimulator/cmTryCompileExec2149764728.build/Objects-normal/i386/CheckIncludeFiles.dia -c /Users/he/work/codes-repo/github/codes/c/crossword/xcode/ios/CMakeFiles/CMakeTmp/CheckIncludeFiles.c -o /Users/he/work/codes-repo/github/codes/c/crossword/xcode/ios/CMakeFiles/CMakeTmp/CMAKE_TRY_COMPILE.build/Debug-iphonesimulator/cmTryCompileExec2149764728.build/Objects-normal/i386/CheckIncludeFiles.o

Ld Debug/cmTryCompileExec2149764728.app/cmTryCompileExec2149764728 normal i386
    cd /Users/he/work/codes-repo/github/codes/c/crossword/xcode/ios/CMakeFiles/CMakeTmp
    /Applications/Xcode.app/Contents/Developer/Toolchains/XcodeDefault.xctoolchain/usr/bin/clang -arch i386 -isysroot /Applications/Xcode.app/Contents/Developer/Platforms/iPhoneSimulator.platform/Developer/SDKs/iPhoneSimulator7.0.sdk -L/Users/he/work/codes-repo/github/codes/c/crossword/xcode/ios/CMakeFiles/CMakeTmp/Debug -F/Users/he/work/codes-repo/github/codes/c/crossword/xcode/ios/CMakeFiles/CMakeTmp/Debug -filelist /Users/he/work/codes-repo/github/codes/c/crossword/xcode/ios/CMakeFiles/CMakeTmp/CMAKE_TRY_COMPILE.build/Debug-iphonesimulator/cmTryCompileExec2149764728.build/Objects-normal/i386/cmTryCompileExec2149764728.LinkFileList -Xlinker -objc_abi_version -Xlinker 2 -Wl,-headerpad_max_install_names -Xlinker -no_implicit_dylibs -mios-simulator-version-min=7.0 -Xlinker -dependency_info -Xlinker /Users/he/work/codes-repo/github/codes/c/crossword/xcode/ios/CMakeFiles/CMakeTmp/CMAKE_TRY_COMPILE.build/Debug-iphonesimulator/cmTryCompileExec2149764728.build/Objects-normal/i386/cmTryCompileExec2149764728_dependency_info.dat -o /Users/he/work/codes-repo/github/codes/c/crossword/xcode/ios/CMakeFiles/CMakeTmp/Debug/cmTryCompileExec2149764728.app/cmTryCompileExec2149764728

GenerateDSYMFile Debug/cmTryCompileExec2149764728.app.dSYM Debug/cmTryCompileExec2149764728.app/cmTryCompileExec2149764728
    cd /Users/he/work/codes-repo/github/codes/c/crossword/xcode/ios/CMakeFiles/CMakeTmp
    /Applications/Xcode.app/Contents/Developer/Toolchains/XcodeDefault.xctoolchain/usr/bin/dsymutil /Users/he/work/codes-repo/github/codes/c/crossword/xcode/ios/CMakeFiles/CMakeTmp/Debug/cmTryCompileExec2149764728.app/cmTryCompileExec2149764728 -o /Users/he/work/codes-repo/github/codes/c/crossword/xcode/ios/CMakeFiles/CMakeTmp/Debug/cmTryCompileExec2149764728.app.dSYM

** BUILD SUCCEEDED **



Determining if the pthread_create exist passed with the following output:
Change Dir: /Users/he/work/codes-repo/github/codes/c/crossword/xcode/ios/CMakeFiles/CMakeTmp

Run Build Command:"/opt/local/bin/cmakexbuild" "-project" "CMAKE_TRY_COMPILE.xcodeproj" "build" "-target" "cmTryCompileExec3372834936" "-configuration" "Debug"
=== BUILD TARGET cmTryCompileExec3372834936 OF PROJECT CMAKE_TRY_COMPILE WITH CONFIGURATION Debug ===

Check dependencies

Create product structure
/bin/mkdir -p /Users/he/work/codes-repo/github/codes/c/crossword/xcode/ios/CMakeFiles/CMakeTmp/Debug/cmTryCompileExec3372834936.app

ProcessInfoPlistFile Debug/cmTryCompileExec3372834936.app/Info.plist CMakeFiles/cmTryCompileExec3372834936.dir/Info.plist
    cd /Users/he/work/codes-repo/github/codes/c/crossword/xcode/ios/CMakeFiles/CMakeTmp
    builtin-infoPlistUtility /Users/he/work/codes-repo/github/codes/c/crossword/xcode/ios/CMakeFiles/CMakeTmp/CMakeFiles/cmTryCompileExec3372834936.dir/Info.plist -genpkginfo /Users/he/work/codes-repo/github/codes/c/crossword/xcode/ios/CMakeFiles/CMakeTmp/Debug/cmTryCompileExec3372834936.app/PkgInfo -expandbuildsettings -format binary -platform iphonesimulator -o /Users/he/work/codes-repo/github/codes/c/crossword/xcode/ios/CMakeFiles/CMakeTmp/Debug/cmTryCompileExec3372834936.app/Info.plist

CompileC CMAKE_TRY_COMPILE.build/Debug-iphonesimulator/cmTryCompileExec3372834936.build/Objects-normal/i386/CheckSymbolExists.o CheckSymbolExists.c normal i386 c com.apple.compilers.llvm.clang.1_0.compiler
    cd /Users/he/work/codes-repo/github/codes/c/crossword/xcode/ios/CMakeFiles/CMakeTmp
    /Applications/Xcode.app/Contents/Developer/Toolchains/XcodeDefault.xctoolchain/usr/bin/clang -x c -arch i386 -fmessage-length=0 -fdiagnostics-show-note-include-stack -fmacro-backtrace-limit=0 -Wno-trigraphs -fpascal-strings -O0 -Wno-missing-field-initializers -Wno-missing-prototypes -Wno-return-type -Wno-missing-braces -Wparentheses -Wswitch -Wno-unused-function -Wno-unused-label -Wno-unused-parameter -Wno-unused-variable -Wunused-value -Wno-empty-body -Wno-uninitialized -Wno-unknown-pragmas -Wno-shadow -Wno-four-char-constants -Wno-conversion -Wno-constant-conversion -Wno-int-conversion -Wno-bool-conversion -Wno-enum-conversion -Wno-shorten-64-to-32 -Wpointer-sign -Wno-newline-eof -DCMAKE_INTDIR=\"Debug-iphonesimulator\" -isysroot /Applications/Xcode.app/Contents/Developer/Platforms/iPhoneSimulator.platform/Developer/SDKs/iPhoneSimulator7.0.sdk -fexceptions -fasm-blocks -fstrict-aliasing -Wdeprecated-declarations -g -Wno-sign-conversion -mios-simulator-version-min=7.0 -I/Users/he/work/codes-repo/github/codes/c/crossword/xcode/ios/CMakeFiles/CMakeTmp/Debug/include -I/Applications/Xcode.app/Contents/Developer/Toolchains/XcodeDefault.xctoolchain/usr/include -I/Users/he/work/codes-repo/github/codes/c/crossword/xcode/ios/CMakeFiles/CMakeTmp/CMAKE_TRY_COMPILE.build/Debug-iphonesimulator/cmTryCompileExec3372834936.build/DerivedSources/i386 -I/Users/he/work/codes-repo/github/codes/c/crossword/xcode/ios/CMakeFiles/CMakeTmp/CMAKE_TRY_COMPILE.build/Debug-iphonesimulator/cmTryCompileExec3372834936.build/DerivedSources -Wmost -Wno-four-char-constants -Wno-unknown-pragmas -F/Users/he/work/codes-repo/github/codes/c/crossword/xcode/ios/CMakeFiles/CMakeTmp/Debug -MMD -MT dependencies -MF /Users/he/work/codes-repo/github/codes/c/crossword/xcode/ios/CMakeFiles/CMakeTmp/CMAKE_TRY_COMPILE.build/Debug-iphonesimulator/cmTryCompileExec3372834936.build/Objects-normal/i386/CheckSymbolExists.d --serialize-diagnostics /Users/he/work/codes-repo/github/codes/c/crossword/xcode/ios/CMakeFiles/CMakeTmp/CMAKE_TRY_COMPILE.build/Debug-iphonesimulator/cmTryCompileExec3372834936.build/Objects-normal/i386/CheckSymbolExists.dia -c /Users/he/work/codes-repo/github/codes/c/crossword/xcode/ios/CMakeFiles/CMakeTmp/CheckSymbolExists.c -o /Users/he/work/codes-repo/github/codes/c/crossword/xcode/ios/CMakeFiles/CMakeTmp/CMAKE_TRY_COMPILE.build/Debug-iphonesimulator/cmTryCompileExec3372834936.build/Objects-normal/i386/CheckSymbolExists.o

Ld Debug/cmTryCompileExec3372834936.app/cmTryCompileExec3372834936 normal i386
    cd /Users/he/work/codes-repo/github/codes/c/crossword/xcode/ios/CMakeFiles/CMakeTmp
    /Applications/Xcode.app/Contents/Developer/Toolchains/XcodeDefault.xctoolchain/usr/bin/clang -arch i386 -isysroot /Applications/Xcode.app/Contents/Developer/Platforms/iPhoneSimulator.platform/Developer/SDKs/iPhoneSimulator7.0.sdk -L/Users/he/work/codes-repo/github/codes/c/crossword/xcode/ios/CMakeFiles/CMakeTmp/Debug -F/Users/he/work/codes-repo/github/codes/c/crossword/xcode/ios/CMakeFiles/CMakeTmp/Debug -filelist /Users/he/work/codes-repo/github/codes/c/crossword/xcode/ios/CMakeFiles/CMakeTmp/CMAKE_TRY_COMPILE.build/Debug-iphonesimulator/cmTryCompileExec3372834936.build/Objects-normal/i386/cmTryCompileExec3372834936.LinkFileList -Xlinker -objc_abi_version -Xlinker 2 -Wl,-headerpad_max_install_names -Xlinker -no_implicit_dylibs -mios-simulator-version-min=7.0 -Xlinker -dependency_info -Xlinker /Users/he/work/codes-repo/github/codes/c/crossword/xcode/ios/CMakeFiles/CMakeTmp/CMAKE_TRY_COMPILE.build/Debug-iphonesimulator/cmTryCompileExec3372834936.build/Objects-normal/i386/cmTryCompileExec3372834936_dependency_info.dat -o /Users/he/work/codes-repo/github/codes/c/crossword/xcode/ios/CMakeFiles/CMakeTmp/Debug/cmTryCompileExec3372834936.app/cmTryCompileExec3372834936

GenerateDSYMFile Debug/cmTryCompileExec3372834936.app.dSYM Debug/cmTryCompileExec3372834936.app/cmTryCompileExec3372834936
    cd /Users/he/work/codes-repo/github/codes/c/crossword/xcode/ios/CMakeFiles/CMakeTmp
    /Applications/Xcode.app/Contents/Developer/Toolchains/XcodeDefault.xctoolchain/usr/bin/dsymutil /Users/he/work/codes-repo/github/codes/c/crossword/xcode/ios/CMakeFiles/CMakeTmp/Debug/cmTryCompileExec3372834936.app/cmTryCompileExec3372834936 -o /Users/he/work/codes-repo/github/codes/c/crossword/xcode/ios/CMakeFiles/CMakeTmp/Debug/cmTryCompileExec3372834936.app.dSYM

** BUILD SUCCEEDED **


File /Users/he/work/codes-repo/github/codes/c/crossword/xcode/ios/CMakeFiles/CMakeTmp/CheckSymbolExists.c:
/* */
#include <pthread.h>

int main(int argc, char** argv)
{
  (void)argv;
#ifndef pthread_create
  return ((int*)(&pthread_create))[argc];
#else
  (void)argc;
  return 0;
#endif
}

